INFO - 2023-06-29 04:26:07 --> Session: Class initialized using 'CodeIgniter\Session\Handlers\FileHandler' driver.
INFO - 2023-06-29 04:26:23 --> Session: Class initialized using 'CodeIgniter\Session\Handlers\FileHandler' driver.
INFO - 2023-06-29 04:26:28 --> Session: Class initialized using 'CodeIgniter\Session\Handlers\FileHandler' driver.
INFO - 2023-06-29 04:26:36 --> Session: Class initialized using 'CodeIgniter\Session\Handlers\FileHandler' driver.
INFO - 2023-06-29 04:26:51 --> Session: Class initialized using 'CodeIgniter\Session\Handlers\FileHandler' driver.
INFO - 2023-06-29 04:27:23 --> Session: Class initialized using 'CodeIgniter\Session\Handlers\FileHandler' driver.
INFO - 2023-06-29 04:27:32 --> Session: Class initialized using 'CodeIgniter\Session\Handlers\FileHandler' driver.
INFO - 2023-06-29 04:28:10 --> Session: Class initialized using 'CodeIgniter\Session\Handlers\FileHandler' driver.
INFO - 2023-06-29 04:29:28 --> Session: Class initialized using 'CodeIgniter\Session\Handlers\FileHandler' driver.
INFO - 2023-06-29 04:30:11 --> Session: Class initialized using 'CodeIgniter\Session\Handlers\FileHandler' driver.
INFO - 2023-06-29 04:30:11 --> Session: Class initialized using 'CodeIgniter\Session\Handlers\FileHandler' driver.
INFO - 2023-06-29 04:30:32 --> Session: Class initialized using 'CodeIgniter\Session\Handlers\FileHandler' driver.
CRITICAL - 2023-06-29 04:30:32 --> Call to undefined method App\Models\FilmModel::getDataByID
in SYSTEMPATH\Model.php on line 842.
 1 APPPATH\Controllers\Film.php(27): CodeIgniter\Model->__call('getDataByID', [...])
 2 SYSTEMPATH\CodeIgniter.php(934): App\Controllers\Film->update('34')
 3 SYSTEMPATH\CodeIgniter.php(499): CodeIgniter\CodeIgniter->runController(Object(App\Controllers\Film))
 4 SYSTEMPATH\CodeIgniter.php(368): CodeIgniter\CodeIgniter->handleRequest(null, Object(Config\Cache), false)
 5 FCPATH\index.php(67): CodeIgniter\CodeIgniter->run()
 6 SYSTEMPATH\Commands\Server\rewrite.php(47): require_once('D:\\GitHub\\PHP-FRAMEWORK-CI4\\MI4CApp\\public\\index.php')
INFO - 2023-06-29 04:30:40 --> Session: Class initialized using 'CodeIgniter\Session\Handlers\FileHandler' driver.
INFO - 2023-06-29 04:31:29 --> Session: Class initialized using 'CodeIgniter\Session\Handlers\FileHandler' driver.
INFO - 2023-06-29 04:49:10 --> Session: Class initialized using 'CodeIgniter\Session\Handlers\FileHandler' driver.
INFO - 2023-06-29 04:49:14 --> Session: Class initialized using 'CodeIgniter\Session\Handlers\FileHandler' driver.
INFO - 2023-06-29 04:50:01 --> Session: Class initialized using 'CodeIgniter\Session\Handlers\FileHandler' driver.
INFO - 2023-06-29 04:55:05 --> Session: Class initialized using 'CodeIgniter\Session\Handlers\FileHandler' driver.
INFO - 2023-06-29 04:55:06 --> Session: Class initialized using 'CodeIgniter\Session\Handlers\FileHandler' driver.
CRITICAL - 2023-06-29 12:54:17 --> syntax error, unexpected token "}"
in APPPATH\Controllers\Film.php on line 161.
 1 SYSTEMPATH\Autoloader\Autoloader.php(289): CodeIgniter\Autoloader\Autoloader->includeFile('D:\\GitHub\\PHP-FRAMEWORK-CI4\\MI4CApp\\app\\Controllers\\Film.php')
 2 SYSTEMPATH\Autoloader\Autoloader.php(267): CodeIgniter\Autoloader\Autoloader->loadInNamespace('App\\Controllers\\Film')
 3 [internal function]: CodeIgniter\Autoloader\Autoloader->loadClass('App\\Controllers\\Film')
 4 SYSTEMPATH\CodeIgniter.php(892): class_exists('\\App\\Controllers\\Film', true)
 5 SYSTEMPATH\CodeIgniter.php(486): CodeIgniter\CodeIgniter->startController()
 6 SYSTEMPATH\CodeIgniter.php(368): CodeIgniter\CodeIgniter->handleRequest(null, Object(Config\Cache), false)
 7 FCPATH\index.php(67): CodeIgniter\CodeIgniter->run()
 8 SYSTEMPATH\Commands\Server\rewrite.php(47): require_once('D:\\GitHub\\PHP-FRAMEWORK-CI4\\MI4CApp\\public\\index.php')
CRITICAL - 2023-06-29 12:54:30 --> syntax error, unexpected token "}"
in APPPATH\Controllers\Film.php on line 161.
 1 SYSTEMPATH\Router\Router.php(507): CodeIgniter\Router\AutoRouter->getRoute('film')
 2 SYSTEMPATH\Router\Router.php(206): CodeIgniter\Router\Router->autoRoute('film')
 3 SYSTEMPATH\CodeIgniter.php(815): CodeIgniter\Router\Router->handle('film')
 4 SYSTEMPATH\CodeIgniter.php(449): CodeIgniter\CodeIgniter->tryToRouteIt(Object(CodeIgniter\Router\RouteCollection))
 5 SYSTEMPATH\CodeIgniter.php(368): CodeIgniter\CodeIgniter->handleRequest(null, Object(Config\Cache), false)
 6 FCPATH\index.php(67): CodeIgniter\CodeIgniter->run()
 7 SYSTEMPATH\Commands\Server\rewrite.php(47): require_once('D:\\GitHub\\PHP-FRAMEWORK-CI4\\MI4CApp\\public\\index.php')
INFO - 2023-06-29 12:56:42 --> Session: Class initialized using 'CodeIgniter\Session\Handlers\FileHandler' driver.
INFO - 2023-06-29 12:56:47 --> Session: Class initialized using 'CodeIgniter\Session\Handlers\FileHandler' driver.
CRITICAL - 2023-06-29 12:56:47 --> Call to undefined method App\Models\FilmModel::getDataByID
in SYSTEMPATH\Model.php on line 842.
 1 APPPATH\Controllers\Film.php(28): CodeIgniter\Model->__call('getDataByID', [...])
 2 SYSTEMPATH\CodeIgniter.php(934): App\Controllers\Film->update('1')
 3 SYSTEMPATH\CodeIgniter.php(499): CodeIgniter\CodeIgniter->runController(Object(App\Controllers\Film))
 4 SYSTEMPATH\CodeIgniter.php(368): CodeIgniter\CodeIgniter->handleRequest(null, Object(Config\Cache), false)
 5 FCPATH\index.php(67): CodeIgniter\CodeIgniter->run()
 6 SYSTEMPATH\Commands\Server\rewrite.php(47): require_once('D:\\GitHub\\PHP-FRAMEWORK-CI4\\MI4CApp\\public\\index.php')
INFO - 2023-06-29 12:58:20 --> Session: Class initialized using 'CodeIgniter\Session\Handlers\FileHandler' driver.
CRITICAL - 2023-06-29 12:58:20 --> Invalid file: "film/update.php"
in SYSTEMPATH\Exceptions\FrameworkException.php on line 33.
 1 SYSTEMPATH\View\View.php(201): CodeIgniter\Exceptions\FrameworkException::forInvalidFile('film/update.php')
 2 SYSTEMPATH\Common.php(1184): CodeIgniter\View\View->render('film/update', [], true)
 3 APPPATH\Controllers\Film.php(29): view('film/update', [...])
 4 SYSTEMPATH\CodeIgniter.php(934): App\Controllers\Film->update('1')
 5 SYSTEMPATH\CodeIgniter.php(499): CodeIgniter\CodeIgniter->runController(Object(App\Controllers\Film))
 6 SYSTEMPATH\CodeIgniter.php(368): CodeIgniter\CodeIgniter->handleRequest(null, Object(Config\Cache), false)
 7 FCPATH\index.php(67): CodeIgniter\CodeIgniter->run()
 8 SYSTEMPATH\Commands\Server\rewrite.php(47): require_once('D:\\GitHub\\PHP-FRAMEWORK-CI4\\MI4CApp\\public\\index.php')
INFO - 2023-06-29 12:58:53 --> Session: Class initialized using 'CodeIgniter\Session\Handlers\FileHandler' driver.
INFO - 2023-06-29 12:58:56 --> Session: Class initialized using 'CodeIgniter\Session\Handlers\FileHandler' driver.
INFO - 2023-06-29 12:58:58 --> Session: Class initialized using 'CodeIgniter\Session\Handlers\FileHandler' driver.
CRITICAL - 2023-06-29 12:58:58 --> Invalid file: "film/update.php"
in SYSTEMPATH\Exceptions\FrameworkException.php on line 33.
 1 SYSTEMPATH\View\View.php(201): CodeIgniter\Exceptions\FrameworkException::forInvalidFile('film/update.php')
 2 SYSTEMPATH\Common.php(1184): CodeIgniter\View\View->render('film/update', [], true)
 3 APPPATH\Controllers\Film.php(29): view('film/update', [...])
 4 SYSTEMPATH\CodeIgniter.php(934): App\Controllers\Film->update('1')
 5 SYSTEMPATH\CodeIgniter.php(499): CodeIgniter\CodeIgniter->runController(Object(App\Controllers\Film))
 6 SYSTEMPATH\CodeIgniter.php(368): CodeIgniter\CodeIgniter->handleRequest(null, Object(Config\Cache), false)
 7 FCPATH\index.php(67): CodeIgniter\CodeIgniter->run()
 8 SYSTEMPATH\Commands\Server\rewrite.php(47): require_once('D:\\GitHub\\PHP-FRAMEWORK-CI4\\MI4CApp\\public\\index.php')
INFO - 2023-06-29 13:00:43 --> Session: Class initialized using 'CodeIgniter\Session\Handlers\FileHandler' driver.
CRITICAL - 2023-06-29 13:00:43 --> Invalid file: "film/update.php"
in SYSTEMPATH\Exceptions\FrameworkException.php on line 33.
 1 SYSTEMPATH\View\View.php(201): CodeIgniter\Exceptions\FrameworkException::forInvalidFile('film/update.php')
 2 SYSTEMPATH\Common.php(1184): CodeIgniter\View\View->render('film/update', [], true)
 3 APPPATH\Controllers\Film.php(29): view('film/update', [...])
 4 SYSTEMPATH\CodeIgniter.php(934): App\Controllers\Film->update('1')
 5 SYSTEMPATH\CodeIgniter.php(499): CodeIgniter\CodeIgniter->runController(Object(App\Controllers\Film))
 6 SYSTEMPATH\CodeIgniter.php(368): CodeIgniter\CodeIgniter->handleRequest(null, Object(Config\Cache), false)
 7 FCPATH\index.php(67): CodeIgniter\CodeIgniter->run()
 8 SYSTEMPATH\Commands\Server\rewrite.php(47): require_once('D:\\GitHub\\PHP-FRAMEWORK-CI4\\MI4CApp\\public\\index.php')
INFO - 2023-06-29 13:00:45 --> Session: Class initialized using 'CodeIgniter\Session\Handlers\FileHandler' driver.
CRITICAL - 2023-06-29 13:00:45 --> Invalid file: "film/update.php"
in SYSTEMPATH\Exceptions\FrameworkException.php on line 33.
 1 SYSTEMPATH\View\View.php(201): CodeIgniter\Exceptions\FrameworkException::forInvalidFile('film/update.php')
 2 SYSTEMPATH\Common.php(1184): CodeIgniter\View\View->render('film/update', [], true)
 3 APPPATH\Controllers\Film.php(29): view('film/update', [...])
 4 SYSTEMPATH\CodeIgniter.php(934): App\Controllers\Film->update('1')
 5 SYSTEMPATH\CodeIgniter.php(499): CodeIgniter\CodeIgniter->runController(Object(App\Controllers\Film))
 6 SYSTEMPATH\CodeIgniter.php(368): CodeIgniter\CodeIgniter->handleRequest(null, Object(Config\Cache), false)
 7 FCPATH\index.php(67): CodeIgniter\CodeIgniter->run()
 8 SYSTEMPATH\Commands\Server\rewrite.php(47): require_once('D:\\GitHub\\PHP-FRAMEWORK-CI4\\MI4CApp\\public\\index.php')
INFO - 2023-06-29 13:01:33 --> Session: Class initialized using 'CodeIgniter\Session\Handlers\FileHandler' driver.
CRITICAL - 2023-06-29 13:01:33 --> Invalid file: "film/update.php"
in SYSTEMPATH\Exceptions\FrameworkException.php on line 33.
 1 SYSTEMPATH\View\View.php(201): CodeIgniter\Exceptions\FrameworkException::forInvalidFile('film/update.php')
 2 SYSTEMPATH\Common.php(1184): CodeIgniter\View\View->render('film/update', [], true)
 3 APPPATH\Controllers\Film.php(29): view('film/update', [...])
 4 SYSTEMPATH\CodeIgniter.php(934): App\Controllers\Film->update('1')
 5 SYSTEMPATH\CodeIgniter.php(499): CodeIgniter\CodeIgniter->runController(Object(App\Controllers\Film))
 6 SYSTEMPATH\CodeIgniter.php(368): CodeIgniter\CodeIgniter->handleRequest(null, Object(Config\Cache), false)
 7 FCPATH\index.php(67): CodeIgniter\CodeIgniter->run()
 8 SYSTEMPATH\Commands\Server\rewrite.php(47): require_once('D:\\GitHub\\PHP-FRAMEWORK-CI4\\MI4CApp\\public\\index.php')
INFO - 2023-06-29 13:06:26 --> Session: Class initialized using 'CodeIgniter\Session\Handlers\FileHandler' driver.
CRITICAL - 2023-06-29 13:06:26 --> Undefined variable $film
in APPPATH\Views\film\edit.php on line 21.
 1 APPPATH\Views\film\edit.php(21): CodeIgniter\Debug\Exceptions->errorHandler(2, 'Undefined variable $film', 'D:\\GitHub\\PHP-FRAMEWORK-CI4\\MI4CApp\\app\\Views\\film\\edit.php', 21)
 2 SYSTEMPATH\View\View.php(213): include('D:\\GitHub\\PHP-FRAMEWORK-CI4\\MI4CApp\\app\\Views\\film\\edit.php')
 3 SYSTEMPATH\View\View.php(216): CodeIgniter\View\View->CodeIgniter\View\{closure}()
 4 SYSTEMPATH\Common.php(1184): CodeIgniter\View\View->render('film/edit', [], true)
 5 APPPATH\Controllers\Film.php(29): view('film/edit', [...])
 6 SYSTEMPATH\CodeIgniter.php(934): App\Controllers\Film->update('1')
 7 SYSTEMPATH\CodeIgniter.php(499): CodeIgniter\CodeIgniter->runController(Object(App\Controllers\Film))
 8 SYSTEMPATH\CodeIgniter.php(368): CodeIgniter\CodeIgniter->handleRequest(null, Object(Config\Cache), false)
 9 FCPATH\index.php(67): CodeIgniter\CodeIgniter->run()
10 SYSTEMPATH\Commands\Server\rewrite.php(47): require_once('D:\\GitHub\\PHP-FRAMEWORK-CI4\\MI4CApp\\public\\index.php')
INFO - 2023-06-29 13:41:41 --> Session: Class initialized using 'CodeIgniter\Session\Handlers\FileHandler' driver.
CRITICAL - 2023-06-29 13:41:41 --> Undefined variable $film
in APPPATH\Views\film\edit.php on line 20.
 1 APPPATH\Views\film\edit.php(20): CodeIgniter\Debug\Exceptions->errorHandler(2, 'Undefined variable $film', 'D:\\GitHub\\PHP-FRAMEWORK-CI4\\MI4CApp\\app\\Views\\film\\edit.php', 20)
 2 SYSTEMPATH\View\View.php(213): include('D:\\GitHub\\PHP-FRAMEWORK-CI4\\MI4CApp\\app\\Views\\film\\edit.php')
 3 SYSTEMPATH\View\View.php(216): CodeIgniter\View\View->CodeIgniter\View\{closure}()
 4 SYSTEMPATH\Common.php(1184): CodeIgniter\View\View->render('film/edit', [], true)
 5 APPPATH\Controllers\Film.php(29): view('film/edit', [...])
 6 SYSTEMPATH\CodeIgniter.php(934): App\Controllers\Film->update('1')
 7 SYSTEMPATH\CodeIgniter.php(499): CodeIgniter\CodeIgniter->runController(Object(App\Controllers\Film))
 8 SYSTEMPATH\CodeIgniter.php(368): CodeIgniter\CodeIgniter->handleRequest(null, Object(Config\Cache), false)
 9 FCPATH\index.php(67): CodeIgniter\CodeIgniter->run()
10 SYSTEMPATH\Commands\Server\rewrite.php(47): require_once('D:\\GitHub\\PHP-FRAMEWORK-CI4\\MI4CApp\\public\\index.php')
INFO - 2023-06-29 13:49:03 --> Session: Class initialized using 'CodeIgniter\Session\Handlers\FileHandler' driver.
CRITICAL - 2023-06-29 13:49:03 --> Call to undefined method App\Models\FilmModel::getDataByID
in SYSTEMPATH\Model.php on line 842.
 1 APPPATH\Controllers\Film.php(28): CodeIgniter\Model->__call('getDataByID', [...])
 2 SYSTEMPATH\CodeIgniter.php(934): App\Controllers\Film->update('1')
 3 SYSTEMPATH\CodeIgniter.php(499): CodeIgniter\CodeIgniter->runController(Object(App\Controllers\Film))
 4 SYSTEMPATH\CodeIgniter.php(368): CodeIgniter\CodeIgniter->handleRequest(null, Object(Config\Cache), false)
 5 FCPATH\index.php(67): CodeIgniter\CodeIgniter->run()
 6 SYSTEMPATH\Commands\Server\rewrite.php(47): require_once('D:\\GitHub\\PHP-FRAMEWORK-CI4\\MI4CApp\\public\\index.php')
INFO - 2023-06-29 13:49:30 --> Session: Class initialized using 'CodeIgniter\Session\Handlers\FileHandler' driver.
CRITICAL - 2023-06-29 13:49:30 --> Undefined variable $film
in APPPATH\Views\film\edit.php on line 20.
 1 APPPATH\Views\film\edit.php(20): CodeIgniter\Debug\Exceptions->errorHandler(2, 'Undefined variable $film', 'D:\\GitHub\\PHP-FRAMEWORK-CI4\\MI4CApp\\app\\Views\\film\\edit.php', 20)
 2 SYSTEMPATH\View\View.php(213): include('D:\\GitHub\\PHP-FRAMEWORK-CI4\\MI4CApp\\app\\Views\\film\\edit.php')
 3 SYSTEMPATH\View\View.php(216): CodeIgniter\View\View->CodeIgniter\View\{closure}()
 4 SYSTEMPATH\Common.php(1184): CodeIgniter\View\View->render('film/edit', [], true)
 5 APPPATH\Controllers\Film.php(29): view('film/edit', [...])
 6 SYSTEMPATH\CodeIgniter.php(934): App\Controllers\Film->update('1')
 7 SYSTEMPATH\CodeIgniter.php(499): CodeIgniter\CodeIgniter->runController(Object(App\Controllers\Film))
 8 SYSTEMPATH\CodeIgniter.php(368): CodeIgniter\CodeIgniter->handleRequest(null, Object(Config\Cache), false)
 9 FCPATH\index.php(67): CodeIgniter\CodeIgniter->run()
10 SYSTEMPATH\Commands\Server\rewrite.php(47): require_once('D:\\GitHub\\PHP-FRAMEWORK-CI4\\MI4CApp\\public\\index.php')
INFO - 2023-06-29 13:52:32 --> Session: Class initialized using 'CodeIgniter\Session\Handlers\FileHandler' driver.
CRITICAL - 2023-06-29 13:52:32 --> Invalid file: "film/update.php"
in SYSTEMPATH\Exceptions\FrameworkException.php on line 33.
 1 SYSTEMPATH\View\View.php(201): CodeIgniter\Exceptions\FrameworkException::forInvalidFile('film/update.php')
 2 SYSTEMPATH\Common.php(1184): CodeIgniter\View\View->render('film/update', [], true)
 3 APPPATH\Controllers\Film.php(29): view('film/update', [...])
 4 SYSTEMPATH\CodeIgniter.php(934): App\Controllers\Film->update('1')
 5 SYSTEMPATH\CodeIgniter.php(499): CodeIgniter\CodeIgniter->runController(Object(App\Controllers\Film))
 6 SYSTEMPATH\CodeIgniter.php(368): CodeIgniter\CodeIgniter->handleRequest(null, Object(Config\Cache), false)
 7 FCPATH\index.php(67): CodeIgniter\CodeIgniter->run()
 8 SYSTEMPATH\Commands\Server\rewrite.php(47): require_once('D:\\GitHub\\PHP-FRAMEWORK-CI4\\MI4CApp\\public\\index.php')
INFO - 2023-06-29 13:52:52 --> Session: Class initialized using 'CodeIgniter\Session\Handlers\FileHandler' driver.
CRITICAL - 2023-06-29 13:52:52 --> Call to undefined method App\Models\FilmModel::getDataByID
in SYSTEMPATH\Model.php on line 842.
 1 APPPATH\Controllers\Film.php(28): CodeIgniter\Model->__call('getDataByID', [...])
 2 SYSTEMPATH\CodeIgniter.php(934): App\Controllers\Film->update('1')
 3 SYSTEMPATH\CodeIgniter.php(499): CodeIgniter\CodeIgniter->runController(Object(App\Controllers\Film))
 4 SYSTEMPATH\CodeIgniter.php(368): CodeIgniter\CodeIgniter->handleRequest(null, Object(Config\Cache), false)
 5 FCPATH\index.php(67): CodeIgniter\CodeIgniter->run()
 6 SYSTEMPATH\Commands\Server\rewrite.php(47): require_once('D:\\GitHub\\PHP-FRAMEWORK-CI4\\MI4CApp\\public\\index.php')
INFO - 2023-06-29 13:54:14 --> Session: Class initialized using 'CodeIgniter\Session\Handlers\FileHandler' driver.
CRITICAL - 2023-06-29 13:54:14 --> Undefined variable $film
in APPPATH\Views\film\edit.php on line 20.
 1 APPPATH\Views\film\edit.php(20): CodeIgniter\Debug\Exceptions->errorHandler(2, 'Undefined variable $film', 'D:\\GitHub\\PHP-FRAMEWORK-CI4\\MI4CApp\\app\\Views\\film\\edit.php', 20)
 2 SYSTEMPATH\View\View.php(213): include('D:\\GitHub\\PHP-FRAMEWORK-CI4\\MI4CApp\\app\\Views\\film\\edit.php')
 3 SYSTEMPATH\View\View.php(216): CodeIgniter\View\View->CodeIgniter\View\{closure}()
 4 SYSTEMPATH\Common.php(1184): CodeIgniter\View\View->render('film/edit', [], true)
 5 APPPATH\Controllers\Film.php(29): view('film/edit', [...])
 6 SYSTEMPATH\CodeIgniter.php(934): App\Controllers\Film->update('1')
 7 SYSTEMPATH\CodeIgniter.php(499): CodeIgniter\CodeIgniter->runController(Object(App\Controllers\Film))
 8 SYSTEMPATH\CodeIgniter.php(368): CodeIgniter\CodeIgniter->handleRequest(null, Object(Config\Cache), false)
 9 FCPATH\index.php(67): CodeIgniter\CodeIgniter->run()
10 SYSTEMPATH\Commands\Server\rewrite.php(47): require_once('D:\\GitHub\\PHP-FRAMEWORK-CI4\\MI4CApp\\public\\index.php')
INFO - 2023-06-29 13:57:41 --> Session: Class initialized using 'CodeIgniter\Session\Handlers\FileHandler' driver.
CRITICAL - 2023-06-29 13:57:41 --> Undefined variable $film
in APPPATH\Views\film\edit.php on line 20.
 1 APPPATH\Views\film\edit.php(20): CodeIgniter\Debug\Exceptions->errorHandler(2, 'Undefined variable $film', 'D:\\GitHub\\PHP-FRAMEWORK-CI4\\MI4CApp\\app\\Views\\film\\edit.php', 20)
 2 SYSTEMPATH\View\View.php(213): include('D:\\GitHub\\PHP-FRAMEWORK-CI4\\MI4CApp\\app\\Views\\film\\edit.php')
 3 SYSTEMPATH\View\View.php(216): CodeIgniter\View\View->CodeIgniter\View\{closure}()
 4 SYSTEMPATH\Common.php(1184): CodeIgniter\View\View->render('film/edit', [], true)
 5 APPPATH\Controllers\Film.php(29): view('film/edit', [...])
 6 SYSTEMPATH\CodeIgniter.php(934): App\Controllers\Film->update('1')
 7 SYSTEMPATH\CodeIgniter.php(499): CodeIgniter\CodeIgniter->runController(Object(App\Controllers\Film))
 8 SYSTEMPATH\CodeIgniter.php(368): CodeIgniter\CodeIgniter->handleRequest(null, Object(Config\Cache), false)
 9 FCPATH\index.php(67): CodeIgniter\CodeIgniter->run()
10 SYSTEMPATH\Commands\Server\rewrite.php(47): require_once('D:\\GitHub\\PHP-FRAMEWORK-CI4\\MI4CApp\\public\\index.php')
INFO - 2023-06-29 14:00:52 --> Session: Class initialized using 'CodeIgniter\Session\Handlers\FileHandler' driver.
CRITICAL - 2023-06-29 14:00:52 --> Undefined variable $film
in APPPATH\Views\film\edit.php on line 20.
 1 APPPATH\Views\film\edit.php(20): CodeIgniter\Debug\Exceptions->errorHandler(2, 'Undefined variable $film', 'D:\\GitHub\\PHP-FRAMEWORK-CI4\\MI4CApp\\app\\Views\\film\\edit.php', 20)
 2 SYSTEMPATH\View\View.php(213): include('D:\\GitHub\\PHP-FRAMEWORK-CI4\\MI4CApp\\app\\Views\\film\\edit.php')
 3 SYSTEMPATH\View\View.php(216): CodeIgniter\View\View->CodeIgniter\View\{closure}()
 4 SYSTEMPATH\Common.php(1184): CodeIgniter\View\View->render('film/edit', [], true)
 5 APPPATH\Controllers\Film.php(29): view('film/edit', [...])
 6 SYSTEMPATH\CodeIgniter.php(934): App\Controllers\Film->update('1')
 7 SYSTEMPATH\CodeIgniter.php(499): CodeIgniter\CodeIgniter->runController(Object(App\Controllers\Film))
 8 SYSTEMPATH\CodeIgniter.php(368): CodeIgniter\CodeIgniter->handleRequest(null, Object(Config\Cache), false)
 9 FCPATH\index.php(67): CodeIgniter\CodeIgniter->run()
10 SYSTEMPATH\Commands\Server\rewrite.php(47): require_once('D:\\GitHub\\PHP-FRAMEWORK-CI4\\MI4CApp\\public\\index.php')
INFO - 2023-06-29 14:19:42 --> Session: Class initialized using 'CodeIgniter\Session\Handlers\FileHandler' driver.
CRITICAL - 2023-06-29 14:19:42 --> Undefined variable $film
in APPPATH\Views\film\edit.php on line 23.
 1 APPPATH\Views\film\edit.php(23): CodeIgniter\Debug\Exceptions->errorHandler(2, 'Undefined variable $film', 'D:\\GitHub\\PHP-FRAMEWORK-CI4\\MI4CApp\\app\\Views\\film\\edit.php', 23)
 2 SYSTEMPATH\View\View.php(213): include('D:\\GitHub\\PHP-FRAMEWORK-CI4\\MI4CApp\\app\\Views\\film\\edit.php')
 3 SYSTEMPATH\View\View.php(216): CodeIgniter\View\View->CodeIgniter\View\{closure}()
 4 SYSTEMPATH\Common.php(1184): CodeIgniter\View\View->render('film/edit', [], true)
 5 APPPATH\Controllers\Film.php(29): view('film/edit', [...])
 6 SYSTEMPATH\CodeIgniter.php(934): App\Controllers\Film->update('1')
 7 SYSTEMPATH\CodeIgniter.php(499): CodeIgniter\CodeIgniter->runController(Object(App\Controllers\Film))
 8 SYSTEMPATH\CodeIgniter.php(368): CodeIgniter\CodeIgniter->handleRequest(null, Object(Config\Cache), false)
 9 FCPATH\index.php(67): CodeIgniter\CodeIgniter->run()
10 SYSTEMPATH\Commands\Server\rewrite.php(47): require_once('D:\\GitHub\\PHP-FRAMEWORK-CI4\\MI4CApp\\public\\index.php')
INFO - 2023-06-29 14:20:38 --> Session: Class initialized using 'CodeIgniter\Session\Handlers\FileHandler' driver.
CRITICAL - 2023-06-29 14:20:38 --> Undefined variable $film
in APPPATH\Views\film\edit.php on line 23.
 1 APPPATH\Views\film\edit.php(23): CodeIgniter\Debug\Exceptions->errorHandler(2, 'Undefined variable $film', 'D:\\GitHub\\PHP-FRAMEWORK-CI4\\MI4CApp\\app\\Views\\film\\edit.php', 23)
 2 SYSTEMPATH\View\View.php(213): include('D:\\GitHub\\PHP-FRAMEWORK-CI4\\MI4CApp\\app\\Views\\film\\edit.php')
 3 SYSTEMPATH\View\View.php(216): CodeIgniter\View\View->CodeIgniter\View\{closure}()
 4 SYSTEMPATH\Common.php(1184): CodeIgniter\View\View->render('film/edit', [], true)
 5 APPPATH\Controllers\Film.php(29): view('film/edit', [...])
 6 SYSTEMPATH\CodeIgniter.php(934): App\Controllers\Film->update('1')
 7 SYSTEMPATH\CodeIgniter.php(499): CodeIgniter\CodeIgniter->runController(Object(App\Controllers\Film))
 8 SYSTEMPATH\CodeIgniter.php(368): CodeIgniter\CodeIgniter->handleRequest(null, Object(Config\Cache), false)
 9 FCPATH\index.php(67): CodeIgniter\CodeIgniter->run()
10 SYSTEMPATH\Commands\Server\rewrite.php(47): require_once('D:\\GitHub\\PHP-FRAMEWORK-CI4\\MI4CApp\\public\\index.php')
INFO - 2023-06-29 14:24:07 --> Session: Class initialized using 'CodeIgniter\Session\Handlers\FileHandler' driver.
CRITICAL - 2023-06-29 14:24:07 --> Undefined variable $film
in APPPATH\Views\film\update.php on line 23.
 1 APPPATH\Views\film\update.php(23): CodeIgniter\Debug\Exceptions->errorHandler(2, 'Undefined variable $film', 'D:\\GitHub\\PHP-FRAMEWORK-CI4\\MI4CApp\\app\\Views\\film\\update.php', 23)
 2 SYSTEMPATH\View\View.php(213): include('D:\\GitHub\\PHP-FRAMEWORK-CI4\\MI4CApp\\app\\Views\\film\\update.php')
 3 SYSTEMPATH\View\View.php(216): CodeIgniter\View\View->CodeIgniter\View\{closure}()
 4 SYSTEMPATH\Common.php(1184): CodeIgniter\View\View->render('film/update', [], true)
 5 APPPATH\Controllers\Film.php(29): view('film/update', [...])
 6 SYSTEMPATH\CodeIgniter.php(934): App\Controllers\Film->update('1')
 7 SYSTEMPATH\CodeIgniter.php(499): CodeIgniter\CodeIgniter->runController(Object(App\Controllers\Film))
 8 SYSTEMPATH\CodeIgniter.php(368): CodeIgniter\CodeIgniter->handleRequest(null, Object(Config\Cache), false)
 9 FCPATH\index.php(67): CodeIgniter\CodeIgniter->run()
10 SYSTEMPATH\Commands\Server\rewrite.php(47): require_once('D:\\GitHub\\PHP-FRAMEWORK-CI4\\MI4CApp\\public\\index.php')
INFO - 2023-06-29 14:27:47 --> Session: Class initialized using 'CodeIgniter\Session\Handlers\FileHandler' driver.
CRITICAL - 2023-06-29 14:27:47 --> Undefined variable $film
in APPPATH\Views\film\update.php on line 23.
 1 APPPATH\Views\film\update.php(23): CodeIgniter\Debug\Exceptions->errorHandler(2, 'Undefined variable $film', 'D:\\GitHub\\PHP-FRAMEWORK-CI4\\MI4CApp\\app\\Views\\film\\update.php', 23)
 2 SYSTEMPATH\View\View.php(213): include('D:\\GitHub\\PHP-FRAMEWORK-CI4\\MI4CApp\\app\\Views\\film\\update.php')
 3 SYSTEMPATH\View\View.php(216): CodeIgniter\View\View->CodeIgniter\View\{closure}()
 4 SYSTEMPATH\Common.php(1184): CodeIgniter\View\View->render('film/update', [], true)
 5 APPPATH\Controllers\Film.php(29): view('film/update', [...])
 6 SYSTEMPATH\CodeIgniter.php(934): App\Controllers\Film->update('1')
 7 SYSTEMPATH\CodeIgniter.php(499): CodeIgniter\CodeIgniter->runController(Object(App\Controllers\Film))
 8 SYSTEMPATH\CodeIgniter.php(368): CodeIgniter\CodeIgniter->handleRequest(null, Object(Config\Cache), false)
 9 FCPATH\index.php(67): CodeIgniter\CodeIgniter->run()
10 SYSTEMPATH\Commands\Server\rewrite.php(47): require_once('D:\\GitHub\\PHP-FRAMEWORK-CI4\\MI4CApp\\public\\index.php')
INFO - 2023-06-29 14:27:52 --> Session: Class initialized using 'CodeIgniter\Session\Handlers\FileHandler' driver.
INFO - 2023-06-29 14:27:56 --> Session: Class initialized using 'CodeIgniter\Session\Handlers\FileHandler' driver.
CRITICAL - 2023-06-29 14:27:56 --> Undefined variable $film
in APPPATH\Views\film\update.php on line 23.
 1 APPPATH\Views\film\update.php(23): CodeIgniter\Debug\Exceptions->errorHandler(2, 'Undefined variable $film', 'D:\\GitHub\\PHP-FRAMEWORK-CI4\\MI4CApp\\app\\Views\\film\\update.php', 23)
 2 SYSTEMPATH\View\View.php(213): include('D:\\GitHub\\PHP-FRAMEWORK-CI4\\MI4CApp\\app\\Views\\film\\update.php')
 3 SYSTEMPATH\View\View.php(216): CodeIgniter\View\View->CodeIgniter\View\{closure}()
 4 SYSTEMPATH\Common.php(1184): CodeIgniter\View\View->render('film/update', [], true)
 5 APPPATH\Controllers\Film.php(29): view('film/update', [...])
 6 SYSTEMPATH\CodeIgniter.php(934): App\Controllers\Film->update('1')
 7 SYSTEMPATH\CodeIgniter.php(499): CodeIgniter\CodeIgniter->runController(Object(App\Controllers\Film))
 8 SYSTEMPATH\CodeIgniter.php(368): CodeIgniter\CodeIgniter->handleRequest(null, Object(Config\Cache), false)
 9 FCPATH\index.php(67): CodeIgniter\CodeIgniter->run()
10 SYSTEMPATH\Commands\Server\rewrite.php(47): require_once('D:\\GitHub\\PHP-FRAMEWORK-CI4\\MI4CApp\\public\\index.php')
CRITICAL - 2023-06-29 14:36:42 --> View themes, no current section.
in SYSTEMPATH\View\View.php on line 394.
 1 APPPATH\Views\film\index.php(71): CodeIgniter\View\View->endSection()
 2 SYSTEMPATH\View\View.php(213): include('D:\\GitHub\\PHP-FRAMEWORK-CI4\\MI4CApp\\app\\Views\\film\\index.php')
 3 SYSTEMPATH\View\View.php(216): CodeIgniter\View\View->CodeIgniter\View\{closure}()
 4 SYSTEMPATH\Common.php(1184): CodeIgniter\View\View->render('film/index', [], true)
 5 APPPATH\Controllers\Film.php(28): view('film/index', [...])
 6 SYSTEMPATH\CodeIgniter.php(934): App\Controllers\Film->index()
 7 SYSTEMPATH\CodeIgniter.php(499): CodeIgniter\CodeIgniter->runController(Object(App\Controllers\Film))
 8 SYSTEMPATH\CodeIgniter.php(368): CodeIgniter\CodeIgniter->handleRequest(null, Object(Config\Cache), false)
 9 FCPATH\index.php(67): CodeIgniter\CodeIgniter->run()
10 SYSTEMPATH\Commands\Server\rewrite.php(47): require_once('D:\\GitHub\\PHP-FRAMEWORK-CI4\\MI4CApp\\public\\index.php')
INFO - 2023-06-29 14:36:43 --> Session: Class initialized using 'CodeIgniter\Session\Handlers\FileHandler' driver.
CRITICAL - 2023-06-29 14:36:46 --> View themes, no current section.
in SYSTEMPATH\View\View.php on line 394.
 1 APPPATH\Views\film\index.php(71): CodeIgniter\View\View->endSection()
 2 SYSTEMPATH\View\View.php(213): include('D:\\GitHub\\PHP-FRAMEWORK-CI4\\MI4CApp\\app\\Views\\film\\index.php')
 3 SYSTEMPATH\View\View.php(216): CodeIgniter\View\View->CodeIgniter\View\{closure}()
 4 SYSTEMPATH\Common.php(1184): CodeIgniter\View\View->render('film/index', [], true)
 5 APPPATH\Controllers\Film.php(28): view('film/index', [...])
 6 SYSTEMPATH\CodeIgniter.php(934): App\Controllers\Film->index()
 7 SYSTEMPATH\CodeIgniter.php(499): CodeIgniter\CodeIgniter->runController(Object(App\Controllers\Film))
 8 SYSTEMPATH\CodeIgniter.php(368): CodeIgniter\CodeIgniter->handleRequest(null, Object(Config\Cache), false)
 9 FCPATH\index.php(67): CodeIgniter\CodeIgniter->run()
10 SYSTEMPATH\Commands\Server\rewrite.php(47): require_once('D:\\GitHub\\PHP-FRAMEWORK-CI4\\MI4CApp\\public\\index.php')
INFO - 2023-06-29 14:36:51 --> Session: Class initialized using 'CodeIgniter\Session\Handlers\FileHandler' driver.
CRITICAL - 2023-06-29 14:36:53 --> View themes, no current section.
in SYSTEMPATH\View\View.php on line 394.
 1 APPPATH\Views\film\index.php(71): CodeIgniter\View\View->endSection()
 2 SYSTEMPATH\View\View.php(213): include('D:\\GitHub\\PHP-FRAMEWORK-CI4\\MI4CApp\\app\\Views\\film\\index.php')
 3 SYSTEMPATH\View\View.php(216): CodeIgniter\View\View->CodeIgniter\View\{closure}()
 4 SYSTEMPATH\Common.php(1184): CodeIgniter\View\View->render('film/index', [], true)
 5 APPPATH\Controllers\Film.php(28): view('film/index', [...])
 6 SYSTEMPATH\CodeIgniter.php(934): App\Controllers\Film->index()
 7 SYSTEMPATH\CodeIgniter.php(499): CodeIgniter\CodeIgniter->runController(Object(App\Controllers\Film))
 8 SYSTEMPATH\CodeIgniter.php(368): CodeIgniter\CodeIgniter->handleRequest(null, Object(Config\Cache), false)
 9 FCPATH\index.php(67): CodeIgniter\CodeIgniter->run()
10 SYSTEMPATH\Commands\Server\rewrite.php(47): require_once('D:\\GitHub\\PHP-FRAMEWORK-CI4\\MI4CApp\\public\\index.php')
INFO - 2023-06-29 14:37:23 --> Session: Class initialized using 'CodeIgniter\Session\Handlers\FileHandler' driver.
INFO - 2023-06-29 14:38:04 --> Session: Class initialized using 'CodeIgniter\Session\Handlers\FileHandler' driver.
INFO - 2023-06-29 14:38:05 --> Session: Class initialized using 'CodeIgniter\Session\Handlers\FileHandler' driver.
INFO - 2023-06-29 14:38:15 --> Session: Class initialized using 'CodeIgniter\Session\Handlers\FileHandler' driver.
INFO - 2023-06-29 14:38:23 --> Session: Class initialized using 'CodeIgniter\Session\Handlers\FileHandler' driver.
INFO - 2023-06-29 14:38:23 --> Session: Class initialized using 'CodeIgniter\Session\Handlers\FileHandler' driver.
INFO - 2023-06-29 14:38:26 --> Session: Class initialized using 'CodeIgniter\Session\Handlers\FileHandler' driver.
INFO - 2023-06-29 14:38:26 --> Session: Class initialized using 'CodeIgniter\Session\Handlers\FileHandler' driver.
INFO - 2023-06-29 14:38:31 --> Session: Class initialized using 'CodeIgniter\Session\Handlers\FileHandler' driver.
INFO - 2023-06-29 14:38:31 --> Session: Class initialized using 'CodeIgniter\Session\Handlers\FileHandler' driver.
INFO - 2023-06-29 14:38:45 --> Session: Class initialized using 'CodeIgniter\Session\Handlers\FileHandler' driver.
INFO - 2023-06-29 14:38:49 --> Session: Class initialized using 'CodeIgniter\Session\Handlers\FileHandler' driver.
INFO - 2023-06-29 14:38:51 --> Session: Class initialized using 'CodeIgniter\Session\Handlers\FileHandler' driver.
INFO - 2023-06-29 14:38:51 --> Session: Class initialized using 'CodeIgniter\Session\Handlers\FileHandler' driver.
INFO - 2023-06-29 14:46:33 --> Session: Class initialized using 'CodeIgniter\Session\Handlers\FileHandler' driver.
INFO - 2023-06-29 14:46:35 --> Session: Class initialized using 'CodeIgniter\Session\Handlers\FileHandler' driver.
INFO - 2023-06-29 14:46:35 --> Session: Class initialized using 'CodeIgniter\Session\Handlers\FileHandler' driver.
INFO - 2023-06-29 14:46:37 --> Session: Class initialized using 'CodeIgniter\Session\Handlers\FileHandler' driver.
INFO - 2023-06-29 14:46:37 --> Session: Class initialized using 'CodeIgniter\Session\Handlers\FileHandler' driver.
INFO - 2023-06-29 14:47:46 --> Session: Class initialized using 'CodeIgniter\Session\Handlers\FileHandler' driver.
INFO - 2023-06-29 14:47:48 --> Session: Class initialized using 'CodeIgniter\Session\Handlers\FileHandler' driver.
INFO - 2023-06-29 14:47:48 --> Session: Class initialized using 'CodeIgniter\Session\Handlers\FileHandler' driver.
INFO - 2023-06-29 14:47:50 --> Session: Class initialized using 'CodeIgniter\Session\Handlers\FileHandler' driver.
INFO - 2023-06-29 14:47:50 --> Session: Class initialized using 'CodeIgniter\Session\Handlers\FileHandler' driver.
INFO - 2023-06-29 14:47:51 --> Session: Class initialized using 'CodeIgniter\Session\Handlers\FileHandler' driver.
INFO - 2023-06-29 14:47:51 --> Session: Class initialized using 'CodeIgniter\Session\Handlers\FileHandler' driver.
INFO - 2023-06-29 14:48:33 --> Session: Class initialized using 'CodeIgniter\Session\Handlers\FileHandler' driver.
INFO - 2023-06-29 14:48:33 --> Session: Class initialized using 'CodeIgniter\Session\Handlers\FileHandler' driver.
INFO - 2023-06-29 14:49:09 --> Session: Class initialized using 'CodeIgniter\Session\Handlers\FileHandler' driver.
INFO - 2023-06-29 14:49:09 --> Session: Class initialized using 'CodeIgniter\Session\Handlers\FileHandler' driver.
INFO - 2023-06-29 14:49:11 --> Session: Class initialized using 'CodeIgniter\Session\Handlers\FileHandler' driver.
INFO - 2023-06-29 14:49:11 --> Session: Class initialized using 'CodeIgniter\Session\Handlers\FileHandler' driver.
INFO - 2023-06-29 14:49:12 --> Session: Class initialized using 'CodeIgniter\Session\Handlers\FileHandler' driver.
INFO - 2023-06-29 14:49:12 --> Session: Class initialized using 'CodeIgniter\Session\Handlers\FileHandler' driver.
INFO - 2023-06-29 14:56:10 --> Session: Class initialized using 'CodeIgniter\Session\Handlers\FileHandler' driver.
INFO - 2023-06-29 14:56:11 --> Session: Class initialized using 'CodeIgniter\Session\Handlers\FileHandler' driver.
INFO - 2023-06-29 15:04:44 --> Session: Class initialized using 'CodeIgniter\Session\Handlers\FileHandler' driver.
INFO - 2023-06-29 15:04:44 --> Session: Class initialized using 'CodeIgniter\Session\Handlers\FileHandler' driver.
INFO - 2023-06-29 15:08:08 --> Session: Class initialized using 'CodeIgniter\Session\Handlers\FileHandler' driver.
INFO - 2023-06-29 15:08:10 --> Session: Class initialized using 'CodeIgniter\Session\Handlers\FileHandler' driver.
INFO - 2023-06-29 15:08:10 --> Session: Class initialized using 'CodeIgniter\Session\Handlers\FileHandler' driver.
INFO - 2023-06-29 15:08:43 --> Session: Class initialized using 'CodeIgniter\Session\Handlers\FileHandler' driver.
INFO - 2023-06-29 15:08:45 --> Session: Class initialized using 'CodeIgniter\Session\Handlers\FileHandler' driver.
INFO - 2023-06-29 15:08:47 --> Session: Class initialized using 'CodeIgniter\Session\Handlers\FileHandler' driver.
INFO - 2023-06-29 15:08:47 --> Session: Class initialized using 'CodeIgniter\Session\Handlers\FileHandler' driver.
INFO - 2023-06-29 15:08:50 --> Session: Class initialized using 'CodeIgniter\Session\Handlers\FileHandler' driver.
INFO - 2023-06-29 15:08:50 --> Session: Class initialized using 'CodeIgniter\Session\Handlers\FileHandler' driver.
INFO - 2023-06-29 15:08:59 --> Session: Class initialized using 'CodeIgniter\Session\Handlers\FileHandler' driver.
INFO - 2023-06-29 15:09:01 --> Session: Class initialized using 'CodeIgniter\Session\Handlers\FileHandler' driver.
INFO - 2023-06-29 15:09:03 --> Session: Class initialized using 'CodeIgniter\Session\Handlers\FileHandler' driver.
INFO - 2023-06-29 15:09:03 --> Session: Class initialized using 'CodeIgniter\Session\Handlers\FileHandler' driver.
INFO - 2023-06-29 15:10:06 --> Session: Class initialized using 'CodeIgniter\Session\Handlers\FileHandler' driver.
INFO - 2023-06-29 15:10:06 --> Session: Class initialized using 'CodeIgniter\Session\Handlers\FileHandler' driver.
INFO - 2023-06-29 15:10:21 --> Session: Class initialized using 'CodeIgniter\Session\Handlers\FileHandler' driver.
INFO - 2023-06-29 15:10:21 --> Session: Class initialized using 'CodeIgniter\Session\Handlers\FileHandler' driver.
INFO - 2023-06-29 15:18:08 --> Session: Class initialized using 'CodeIgniter\Session\Handlers\FileHandler' driver.
INFO - 2023-06-29 15:18:12 --> Session: Class initialized using 'CodeIgniter\Session\Handlers\FileHandler' driver.
INFO - 2023-06-29 15:18:15 --> Session: Class initialized using 'CodeIgniter\Session\Handlers\FileHandler' driver.
INFO - 2023-06-29 15:18:15 --> Session: Class initialized using 'CodeIgniter\Session\Handlers\FileHandler' driver.
INFO - 2023-06-29 15:20:27 --> Session: Class initialized using 'CodeIgniter\Session\Handlers\FileHandler' driver.
INFO - 2023-06-29 15:20:28 --> Session: Class initialized using 'CodeIgniter\Session\Handlers\FileHandler' driver.
INFO - 2023-06-29 15:20:28 --> Session: Class initialized using 'CodeIgniter\Session\Handlers\FileHandler' driver.
INFO - 2023-06-29 15:20:45 --> Session: Class initialized using 'CodeIgniter\Session\Handlers\FileHandler' driver.
INFO - 2023-06-29 15:20:45 --> Session: Class initialized using 'CodeIgniter\Session\Handlers\FileHandler' driver.
INFO - 2023-06-29 15:24:44 --> Session: Class initialized using 'CodeIgniter\Session\Handlers\FileHandler' driver.
INFO - 2023-06-29 15:24:44 --> Session: Class initialized using 'CodeIgniter\Session\Handlers\FileHandler' driver.
INFO - 2023-06-29 15:25:06 --> Session: Class initialized using 'CodeIgniter\Session\Handlers\FileHandler' driver.
INFO - 2023-06-29 15:25:08 --> Session: Class initialized using 'CodeIgniter\Session\Handlers\FileHandler' driver.
INFO - 2023-06-29 15:25:09 --> Session: Class initialized using 'CodeIgniter\Session\Handlers\FileHandler' driver.
INFO - 2023-06-29 15:25:11 --> Session: Class initialized using 'CodeIgniter\Session\Handlers\FileHandler' driver.
INFO - 2023-06-29 15:25:12 --> Session: Class initialized using 'CodeIgniter\Session\Handlers\FileHandler' driver.
INFO - 2023-06-29 15:25:14 --> Session: Class initialized using 'CodeIgniter\Session\Handlers\FileHandler' driver.
INFO - 2023-06-29 15:25:15 --> Session: Class initialized using 'CodeIgniter\Session\Handlers\FileHandler' driver.
INFO - 2023-06-29 15:26:43 --> Session: Class initialized using 'CodeIgniter\Session\Handlers\FileHandler' driver.
INFO - 2023-06-29 15:26:43 --> Session: Class initialized using 'CodeIgniter\Session\Handlers\FileHandler' driver.
INFO - 2023-06-29 15:26:59 --> Session: Class initialized using 'CodeIgniter\Session\Handlers\FileHandler' driver.
INFO - 2023-06-29 15:26:59 --> Session: Class initialized using 'CodeIgniter\Session\Handlers\FileHandler' driver.
INFO - 2023-06-29 15:27:09 --> Session: Class initialized using 'CodeIgniter\Session\Handlers\FileHandler' driver.
INFO - 2023-06-29 15:28:36 --> Session: Class initialized using 'CodeIgniter\Session\Handlers\FileHandler' driver.
INFO - 2023-06-29 15:28:38 --> Session: Class initialized using 'CodeIgniter\Session\Handlers\FileHandler' driver.
CRITICAL - 2023-06-29 15:28:38 --> Undefined variable $film
in APPPATH\Views\film\edit.php on line 23.
 1 APPPATH\Views\film\edit.php(23): CodeIgniter\Debug\Exceptions->errorHandler(2, 'Undefined variable $film', 'D:\\GitHub\\PHP-FRAMEWORK-CI4\\MI4CApp\\app\\Views\\film\\edit.php', 23)
 2 SYSTEMPATH\View\View.php(213): include('D:\\GitHub\\PHP-FRAMEWORK-CI4\\MI4CApp\\app\\Views\\film\\edit.php')
 3 SYSTEMPATH\View\View.php(216): CodeIgniter\View\View->CodeIgniter\View\{closure}()
 4 SYSTEMPATH\Common.php(1184): CodeIgniter\View\View->render('film/edit', [], true)
 5 APPPATH\Controllers\Film.php(53): view('film/edit', [...])
 6 SYSTEMPATH\CodeIgniter.php(934): App\Controllers\Film->update('1')
 7 SYSTEMPATH\CodeIgniter.php(499): CodeIgniter\CodeIgniter->runController(Object(App\Controllers\Film))
 8 SYSTEMPATH\CodeIgniter.php(368): CodeIgniter\CodeIgniter->handleRequest(null, Object(Config\Cache), false)
 9 FCPATH\index.php(67): CodeIgniter\CodeIgniter->run()
10 SYSTEMPATH\Commands\Server\rewrite.php(47): require_once('D:\\GitHub\\PHP-FRAMEWORK-CI4\\MI4CApp\\public\\index.php')
INFO - 2023-06-29 15:33:20 --> Session: Class initialized using 'CodeIgniter\Session\Handlers\FileHandler' driver.
CRITICAL - 2023-06-29 15:33:20 --> Invalid file: "film/update.php"
in SYSTEMPATH\Exceptions\FrameworkException.php on line 33.
 1 SYSTEMPATH\View\View.php(201): CodeIgniter\Exceptions\FrameworkException::forInvalidFile('film/update.php')
 2 SYSTEMPATH\Common.php(1184): CodeIgniter\View\View->render('film/update', [], true)
 3 APPPATH\Controllers\Film.php(53): view('film/update', [...])
 4 SYSTEMPATH\CodeIgniter.php(934): App\Controllers\Film->update('1')
 5 SYSTEMPATH\CodeIgniter.php(499): CodeIgniter\CodeIgniter->runController(Object(App\Controllers\Film))
 6 SYSTEMPATH\CodeIgniter.php(368): CodeIgniter\CodeIgniter->handleRequest(null, Object(Config\Cache), false)
 7 FCPATH\index.php(67): CodeIgniter\CodeIgniter->run()
 8 SYSTEMPATH\Commands\Server\rewrite.php(47): require_once('D:\\GitHub\\PHP-FRAMEWORK-CI4\\MI4CApp\\public\\index.php')
INFO - 2023-06-29 15:33:23 --> Session: Class initialized using 'CodeIgniter\Session\Handlers\FileHandler' driver.
CRITICAL - 2023-06-29 15:33:23 --> Invalid file: "film/update.php"
in SYSTEMPATH\Exceptions\FrameworkException.php on line 33.
 1 SYSTEMPATH\View\View.php(201): CodeIgniter\Exceptions\FrameworkException::forInvalidFile('film/update.php')
 2 SYSTEMPATH\Common.php(1184): CodeIgniter\View\View->render('film/update', [], true)
 3 APPPATH\Controllers\Film.php(53): view('film/update', [...])
 4 SYSTEMPATH\CodeIgniter.php(934): App\Controllers\Film->update('1')
 5 SYSTEMPATH\CodeIgniter.php(499): CodeIgniter\CodeIgniter->runController(Object(App\Controllers\Film))
 6 SYSTEMPATH\CodeIgniter.php(368): CodeIgniter\CodeIgniter->handleRequest(null, Object(Config\Cache), false)
 7 FCPATH\index.php(67): CodeIgniter\CodeIgniter->run()
 8 SYSTEMPATH\Commands\Server\rewrite.php(47): require_once('D:\\GitHub\\PHP-FRAMEWORK-CI4\\MI4CApp\\public\\index.php')
INFO - 2023-06-29 15:33:55 --> Session: Class initialized using 'CodeIgniter\Session\Handlers\FileHandler' driver.
CRITICAL - 2023-06-29 15:33:55 --> Undefined variable $film
in APPPATH\Views\film\edit.php on line 23.
 1 APPPATH\Views\film\edit.php(23): CodeIgniter\Debug\Exceptions->errorHandler(2, 'Undefined variable $film', 'D:\\GitHub\\PHP-FRAMEWORK-CI4\\MI4CApp\\app\\Views\\film\\edit.php', 23)
 2 SYSTEMPATH\View\View.php(213): include('D:\\GitHub\\PHP-FRAMEWORK-CI4\\MI4CApp\\app\\Views\\film\\edit.php')
 3 SYSTEMPATH\View\View.php(216): CodeIgniter\View\View->CodeIgniter\View\{closure}()
 4 SYSTEMPATH\Common.php(1184): CodeIgniter\View\View->render('film/edit', [], true)
 5 APPPATH\Controllers\Film.php(53): view('film/edit', [...])
 6 SYSTEMPATH\CodeIgniter.php(934): App\Controllers\Film->update('1')
 7 SYSTEMPATH\CodeIgniter.php(499): CodeIgniter\CodeIgniter->runController(Object(App\Controllers\Film))
 8 SYSTEMPATH\CodeIgniter.php(368): CodeIgniter\CodeIgniter->handleRequest(null, Object(Config\Cache), false)
 9 FCPATH\index.php(67): CodeIgniter\CodeIgniter->run()
10 SYSTEMPATH\Commands\Server\rewrite.php(47): require_once('D:\\GitHub\\PHP-FRAMEWORK-CI4\\MI4CApp\\public\\index.php')
INFO - 2023-06-29 15:36:27 --> Session: Class initialized using 'CodeIgniter\Session\Handlers\FileHandler' driver.
CRITICAL - 2023-06-29 15:36:27 --> Undefined variable $film
in APPPATH\Views\film\edit.php on line 23.
 1 APPPATH\Views\film\edit.php(23): CodeIgniter\Debug\Exceptions->errorHandler(2, 'Undefined variable $film', 'D:\\GitHub\\PHP-FRAMEWORK-CI4\\MI4CApp\\app\\Views\\film\\edit.php', 23)
 2 SYSTEMPATH\View\View.php(213): include('D:\\GitHub\\PHP-FRAMEWORK-CI4\\MI4CApp\\app\\Views\\film\\edit.php')
 3 SYSTEMPATH\View\View.php(216): CodeIgniter\View\View->CodeIgniter\View\{closure}()
 4 SYSTEMPATH\Common.php(1184): CodeIgniter\View\View->render('film/edit', [], true)
 5 APPPATH\Controllers\Film.php(53): view('film/edit', [...])
 6 SYSTEMPATH\CodeIgniter.php(934): App\Controllers\Film->update('1')
 7 SYSTEMPATH\CodeIgniter.php(499): CodeIgniter\CodeIgniter->runController(Object(App\Controllers\Film))
 8 SYSTEMPATH\CodeIgniter.php(368): CodeIgniter\CodeIgniter->handleRequest(null, Object(Config\Cache), false)
 9 FCPATH\index.php(67): CodeIgniter\CodeIgniter->run()
10 SYSTEMPATH\Commands\Server\rewrite.php(47): require_once('D:\\GitHub\\PHP-FRAMEWORK-CI4\\MI4CApp\\public\\index.php')
INFO - 2023-06-29 15:36:47 --> Session: Class initialized using 'CodeIgniter\Session\Handlers\FileHandler' driver.
INFO - 2023-06-29 15:36:50 --> Session: Class initialized using 'CodeIgniter\Session\Handlers\FileHandler' driver.
CRITICAL - 2023-06-29 15:36:50 --> Undefined variable $film
in APPPATH\Views\film\edit.php on line 23.
 1 APPPATH\Views\film\edit.php(23): CodeIgniter\Debug\Exceptions->errorHandler(2, 'Undefined variable $film', 'D:\\GitHub\\PHP-FRAMEWORK-CI4\\MI4CApp\\app\\Views\\film\\edit.php', 23)
 2 SYSTEMPATH\View\View.php(213): include('D:\\GitHub\\PHP-FRAMEWORK-CI4\\MI4CApp\\app\\Views\\film\\edit.php')
 3 SYSTEMPATH\View\View.php(216): CodeIgniter\View\View->CodeIgniter\View\{closure}()
 4 SYSTEMPATH\Common.php(1184): CodeIgniter\View\View->render('film/edit', [], true)
 5 APPPATH\Controllers\Film.php(53): view('film/edit', [...])
 6 SYSTEMPATH\CodeIgniter.php(934): App\Controllers\Film->update('1')
 7 SYSTEMPATH\CodeIgniter.php(499): CodeIgniter\CodeIgniter->runController(Object(App\Controllers\Film))
 8 SYSTEMPATH\CodeIgniter.php(368): CodeIgniter\CodeIgniter->handleRequest(null, Object(Config\Cache), false)
 9 FCPATH\index.php(67): CodeIgniter\CodeIgniter->run()
10 SYSTEMPATH\Commands\Server\rewrite.php(47): require_once('D:\\GitHub\\PHP-FRAMEWORK-CI4\\MI4CApp\\public\\index.php')
