CRITICAL - 2023-06-13 14:10:10 --> Class "App\Controllers\GenreModel" not found
in APPPATH\Controllers\Genre.php on line 18.
 1 SYSTEMPATH\CodeIgniter.php(906): App\Controllers\Genre->__construct()
 2 SYSTEMPATH\CodeIgniter.php(490): CodeIgniter\CodeIgniter->createController()
 3 SYSTEMPATH\CodeIgniter.php(368): CodeIgniter\CodeIgniter->handleRequest(null, Object(Config\Cache), false)
 4 FCPATH\index.php(67): CodeIgniter\CodeIgniter->run()
 5 SYSTEMPATH\Commands\Server\rewrite.php(47): require_once('D:\\xampp\\htdocs\\MI4CApp\\public\\index.php')
CRITICAL - 2023-06-13 14:15:32 --> Class "App\Controllers\GenreModel" not found
in APPPATH\Controllers\Genre.php on line 18.
 1 SYSTEMPATH\CodeIgniter.php(906): App\Controllers\Genre->__construct()
 2 SYSTEMPATH\CodeIgniter.php(490): CodeIgniter\CodeIgniter->createController()
 3 SYSTEMPATH\CodeIgniter.php(368): CodeIgniter\CodeIgniter->handleRequest(null, Object(Config\Cache), false)
 4 FCPATH\index.php(67): CodeIgniter\CodeIgniter->run()
 5 SYSTEMPATH\Commands\Server\rewrite.php(47): require_once('D:\\xampp\\htdocs\\MI4CApp\\public\\index.php')
CRITICAL - 2023-06-13 14:21:27 --> Class "App\Controllers\GenreModel" not found
in APPPATH\Controllers\Genre.php on line 18.
 1 SYSTEMPATH\CodeIgniter.php(906): App\Controllers\Genre->__construct()
 2 SYSTEMPATH\CodeIgniter.php(490): CodeIgniter\CodeIgniter->createController()
 3 SYSTEMPATH\CodeIgniter.php(368): CodeIgniter\CodeIgniter->handleRequest(null, Object(Config\Cache), false)
 4 FCPATH\index.php(67): CodeIgniter\CodeIgniter->run()
 5 SYSTEMPATH\Commands\Server\rewrite.php(47): require_once('D:\\xampp\\htdocs\\MI4CApp\\public\\index.php')
CRITICAL - 2023-06-13 14:21:30 --> Class "App\Controllers\GenreModel" not found
in APPPATH\Controllers\Genre.php on line 18.
 1 SYSTEMPATH\CodeIgniter.php(906): App\Controllers\Genre->__construct()
 2 SYSTEMPATH\CodeIgniter.php(490): CodeIgniter\CodeIgniter->createController()
 3 SYSTEMPATH\CodeIgniter.php(368): CodeIgniter\CodeIgniter->handleRequest(null, Object(Config\Cache), false)
 4 FCPATH\index.php(67): CodeIgniter\CodeIgniter->run()
 5 SYSTEMPATH\Commands\Server\rewrite.php(47): require_once('D:\\xampp\\htdocs\\MI4CApp\\public\\index.php')
CRITICAL - 2023-06-13 14:22:41 --> Class "App\Controllers\GenreModel" not found
in APPPATH\Controllers\Genre.php on line 18.
 1 SYSTEMPATH\CodeIgniter.php(906): App\Controllers\Genre->__construct()
 2 SYSTEMPATH\CodeIgniter.php(490): CodeIgniter\CodeIgniter->createController()
 3 SYSTEMPATH\CodeIgniter.php(368): CodeIgniter\CodeIgniter->handleRequest(null, Object(Config\Cache), false)
 4 FCPATH\index.php(67): CodeIgniter\CodeIgniter->run()
 5 SYSTEMPATH\Commands\Server\rewrite.php(47): require_once('D:\\xampp\\htdocs\\MI4CApp\\public\\index.php')
CRITICAL - 2023-06-13 14:24:27 --> Class "App\Controllers\GenreModel" not found
in APPPATH\Controllers\Genre.php on line 18.
 1 SYSTEMPATH\CodeIgniter.php(906): App\Controllers\Genre->__construct()
 2 SYSTEMPATH\CodeIgniter.php(490): CodeIgniter\CodeIgniter->createController()
 3 SYSTEMPATH\CodeIgniter.php(368): CodeIgniter\CodeIgniter->handleRequest(null, Object(Config\Cache), false)
 4 FCPATH\index.php(67): CodeIgniter\CodeIgniter->run()
 5 SYSTEMPATH\Commands\Server\rewrite.php(47): require_once('D:\\xampp\\htdocs\\MI4CApp\\public\\index.php')
CRITICAL - 2023-06-13 14:33:24 --> Undefined property: App\Controllers\Genre::$film
in APPPATH\Controllers\Genre.php on line 30.
 1 APPPATH\Controllers\Genre.php(30): CodeIgniter\Debug\Exceptions->errorHandler(2, 'Undefined property: App\\Controllers\\Genre::$film', 'D:\\xampp\\htdocs\\MI4CApp\\app\\Controllers\\Genre.php', 30)
 2 SYSTEMPATH\CodeIgniter.php(934): App\Controllers\Genre->all()
 3 SYSTEMPATH\CodeIgniter.php(499): CodeIgniter\CodeIgniter->runController(Object(App\Controllers\Genre))
 4 SYSTEMPATH\CodeIgniter.php(368): CodeIgniter\CodeIgniter->handleRequest(null, Object(Config\Cache), false)
 5 FCPATH\index.php(67): CodeIgniter\CodeIgniter->run()
 6 SYSTEMPATH\Commands\Server\rewrite.php(47): require_once('D:\\xampp\\htdocs\\MI4CApp\\public\\index.php')
CRITICAL - 2023-06-13 14:42:53 --> Undefined array key "genre"
in APPPATH\Views\film\semuafilm.php on line 26.
 1 APPPATH\Views\film\semuafilm.php(26): CodeIgniter\Debug\Exceptions->errorHandler(2, 'Undefined array key "genre"', 'D:\\xampp\\htdocs\\MI4CApp\\app\\Views\\film\\semuafilm.php', 26)
 2 SYSTEMPATH\View\View.php(213): include('D:\\xampp\\htdocs\\MI4CApp\\app\\Views\\film\\semuafilm.php')
 3 SYSTEMPATH\View\View.php(216): CodeIgniter\View\View->CodeIgniter\View\{closure}()
 4 SYSTEMPATH\Common.php(1184): CodeIgniter\View\View->render('film/semuafilm', [], true)
 5 APPPATH\Controllers\Film.php(31): view('film/semuafilm', [...])
 6 SYSTEMPATH\CodeIgniter.php(934): App\Controllers\Film->all()
 7 SYSTEMPATH\CodeIgniter.php(499): CodeIgniter\CodeIgniter->runController(Object(App\Controllers\Film))
 8 SYSTEMPATH\CodeIgniter.php(368): CodeIgniter\CodeIgniter->handleRequest(null, Object(Config\Cache), false)
 9 FCPATH\index.php(67): CodeIgniter\CodeIgniter->run()
10 SYSTEMPATH\Commands\Server\rewrite.php(47): require_once('D:\\xampp\\htdocs\\MI4CApp\\public\\index.php')
