CRITICAL - 2023-05-31 02:03:53 --> Call to a member function getFilm() on null
in APPPATH\Controllers\Film.php on line 24.
 1 SYSTEMPATH\CodeIgniter.php(934): App\Controllers\Film->index()
 2 SYSTEMPATH\CodeIgniter.php(499): CodeIgniter\CodeIgniter->runController(Object(App\Controllers\Film))
 3 SYSTEMPATH\CodeIgniter.php(368): CodeIgniter\CodeIgniter->handleRequest(null, Object(Config\Cache), false)
 4 FCPATH\index.php(67): CodeIgniter\CodeIgniter->run()
 5 SYSTEMPATH\Commands\Server\rewrite.php(47): require_once('D:\\xampp\\htdocs\\MI4CApp\\public\\index.php')
CRITICAL - 2023-05-31 02:03:57 --> Call to a member function getFilm() on null
in APPPATH\Controllers\Film.php on line 24.
 1 SYSTEMPATH\CodeIgniter.php(934): App\Controllers\Film->index()
 2 SYSTEMPATH\CodeIgniter.php(499): CodeIgniter\CodeIgniter->runController(Object(App\Controllers\Film))
 3 SYSTEMPATH\CodeIgniter.php(368): CodeIgniter\CodeIgniter->handleRequest(null, Object(Config\Cache), false)
 4 FCPATH\index.php(67): CodeIgniter\CodeIgniter->run()
 5 SYSTEMPATH\Commands\Server\rewrite.php(47): require_once('D:\\xampp\\htdocs\\MI4CApp\\public\\index.php')
CRITICAL - 2023-05-31 02:04:09 --> Call to a member function getFilm() on null
in APPPATH\Controllers\Film.php on line 24.
 1 SYSTEMPATH\CodeIgniter.php(934): App\Controllers\Film->index()
 2 SYSTEMPATH\CodeIgniter.php(499): CodeIgniter\CodeIgniter->runController(Object(App\Controllers\Film))
 3 SYSTEMPATH\CodeIgniter.php(368): CodeIgniter\CodeIgniter->handleRequest(null, Object(Config\Cache), false)
 4 FCPATH\index.php(67): CodeIgniter\CodeIgniter->run()
 5 SYSTEMPATH\Commands\Server\rewrite.php(47): require_once('D:\\xampp\\htdocs\\MI4CApp\\public\\index.php')
CRITICAL - 2023-05-31 02:06:43 --> Call to a member function getFilm() on null
in APPPATH\Controllers\Film.php on line 24.
 1 SYSTEMPATH\CodeIgniter.php(934): App\Controllers\Film->index()
 2 SYSTEMPATH\CodeIgniter.php(499): CodeIgniter\CodeIgniter->runController(Object(App\Controllers\Film))
 3 SYSTEMPATH\CodeIgniter.php(368): CodeIgniter\CodeIgniter->handleRequest(null, Object(Config\Cache), false)
 4 FCPATH\index.php(67): CodeIgniter\CodeIgniter->run()
 5 SYSTEMPATH\Commands\Server\rewrite.php(47): require_once('D:\\xampp\\htdocs\\MI4CApp\\public\\index.php')
CRITICAL - 2023-05-31 02:08:41 --> Call to a member function getFilm() on null
in APPPATH\Controllers\Film.php on line 24.
 1 SYSTEMPATH\CodeIgniter.php(934): App\Controllers\Film->index()
 2 SYSTEMPATH\CodeIgniter.php(499): CodeIgniter\CodeIgniter->runController(Object(App\Controllers\Film))
 3 SYSTEMPATH\CodeIgniter.php(368): CodeIgniter\CodeIgniter->handleRequest(null, Object(Config\Cache), false)
 4 FCPATH\index.php(67): CodeIgniter\CodeIgniter->run()
 5 SYSTEMPATH\Commands\Server\rewrite.php(47): require_once('D:\\xampp\\htdocs\\MI4CApp\\public\\index.php')
CRITICAL - 2023-05-31 02:10:33 --> Call to a member function getFilm() on null
in APPPATH\Controllers\Film.php on line 24.
 1 SYSTEMPATH\CodeIgniter.php(934): App\Controllers\Film->index()
 2 SYSTEMPATH\CodeIgniter.php(499): CodeIgniter\CodeIgniter->runController(Object(App\Controllers\Film))
 3 SYSTEMPATH\CodeIgniter.php(368): CodeIgniter\CodeIgniter->handleRequest(null, Object(Config\Cache), false)
 4 FCPATH\index.php(67): CodeIgniter\CodeIgniter->run()
 5 SYSTEMPATH\Commands\Server\rewrite.php(47): require_once('D:\\xampp\\htdocs\\MI4CApp\\public\\index.php')
CRITICAL - 2023-05-31 02:13:32 --> Call to a member function getFilm() on null
in APPPATH\Controllers\Film.php on line 24.
 1 SYSTEMPATH\CodeIgniter.php(934): App\Controllers\Film->index()
 2 SYSTEMPATH\CodeIgniter.php(499): CodeIgniter\CodeIgniter->runController(Object(App\Controllers\Film))
 3 SYSTEMPATH\CodeIgniter.php(368): CodeIgniter\CodeIgniter->handleRequest(null, Object(Config\Cache), false)
 4 FCPATH\index.php(67): CodeIgniter\CodeIgniter->run()
 5 SYSTEMPATH\Commands\Server\rewrite.php(47): require_once('D:\\xampp\\htdocs\\MI4CApp\\public\\index.php')
CRITICAL - 2023-05-31 02:14:06 --> Call to a member function getFilm() on null
in APPPATH\Controllers\Film.php on line 24.
 1 SYSTEMPATH\CodeIgniter.php(934): App\Controllers\Film->index()
 2 SYSTEMPATH\CodeIgniter.php(499): CodeIgniter\CodeIgniter->runController(Object(App\Controllers\Film))
 3 SYSTEMPATH\CodeIgniter.php(368): CodeIgniter\CodeIgniter->handleRequest(null, Object(Config\Cache), false)
 4 FCPATH\index.php(67): CodeIgniter\CodeIgniter->run()
 5 SYSTEMPATH\Commands\Server\rewrite.php(47): require_once('D:\\xampp\\htdocs\\MI4CApp\\public\\index.php')
