INFO - 2023-07-05 00:12:00 --> Session: Class initialized using 'CodeIgniter\Session\Handlers\FileHandler' driver.
INFO - 2023-07-05 00:12:05 --> Session: Class initialized using 'CodeIgniter\Session\Handlers\FileHandler' driver.
INFO - 2023-07-05 00:12:10 --> Session: Class initialized using 'CodeIgniter\Session\Handlers\FileHandler' driver.
CRITICAL - 2023-07-05 00:12:10 --> Undefined variable $film
in APPPATH\Views\film\edit.php on line 30.
 1 APPPATH\Views\film\edit.php(30): CodeIgniter\Debug\Exceptions->errorHandler(2, 'Undefined variable $film', 'D:\\GitHub\\PHP-FRAMEWORK-CI4\\MI4CApp\\app\\Views\\film\\edit.php', 30)
 2 SYSTEMPATH\View\View.php(213): include('D:\\GitHub\\PHP-FRAMEWORK-CI4\\MI4CApp\\app\\Views\\film\\edit.php')
 3 SYSTEMPATH\View\View.php(216): CodeIgniter\View\View->CodeIgniter\View\{closure}()
 4 SYSTEMPATH\Common.php(1184): CodeIgniter\View\View->render('film/edit', [], true)
 5 APPPATH\Controllers\Film.php(53): view('film/edit', [...])
 6 SYSTEMPATH\CodeIgniter.php(934): App\Controllers\Film->update('1')
 7 SYSTEMPATH\CodeIgniter.php(499): CodeIgniter\CodeIgniter->runController(Object(App\Controllers\Film))
 8 SYSTEMPATH\CodeIgniter.php(368): CodeIgniter\CodeIgniter->handleRequest(null, Object(Config\Cache), false)
 9 FCPATH\index.php(67): CodeIgniter\CodeIgniter->run()
10 SYSTEMPATH\Commands\Server\rewrite.php(47): require_once('D:\\GitHub\\PHP-FRAMEWORK-CI4\\MI4CApp\\public\\index.php')
INFO - 2023-07-05 00:13:22 --> Session: Class initialized using 'CodeIgniter\Session\Handlers\FileHandler' driver.
CRITICAL - 2023-07-05 00:13:23 --> Undefined array key "id"
in APPPATH\Views\film\edit.php on line 46.
 1 APPPATH\Views\film\edit.php(46): CodeIgniter\Debug\Exceptions->errorHandler(2, 'Undefined array key "id"', 'D:\\GitHub\\PHP-FRAMEWORK-CI4\\MI4CApp\\app\\Views\\film\\edit.php', 46)
 2 SYSTEMPATH\View\View.php(213): include('D:\\GitHub\\PHP-FRAMEWORK-CI4\\MI4CApp\\app\\Views\\film\\edit.php')
 3 SYSTEMPATH\View\View.php(216): CodeIgniter\View\View->CodeIgniter\View\{closure}()
 4 SYSTEMPATH\Common.php(1184): CodeIgniter\View\View->render('film/edit', [], true)
 5 APPPATH\Controllers\Film.php(53): view('film/edit', [...])
 6 SYSTEMPATH\CodeIgniter.php(934): App\Controllers\Film->update('1')
 7 SYSTEMPATH\CodeIgniter.php(499): CodeIgniter\CodeIgniter->runController(Object(App\Controllers\Film))
 8 SYSTEMPATH\CodeIgniter.php(368): CodeIgniter\CodeIgniter->handleRequest(null, Object(Config\Cache), false)
 9 FCPATH\index.php(67): CodeIgniter\CodeIgniter->run()
10 SYSTEMPATH\Commands\Server\rewrite.php(47): require_once('D:\\GitHub\\PHP-FRAMEWORK-CI4\\MI4CApp\\public\\index.php')
INFO - 2023-07-05 00:14:18 --> Session: Class initialized using 'CodeIgniter\Session\Handlers\FileHandler' driver.
CRITICAL - 2023-07-05 00:14:18 --> Undefined array key "id"
in APPPATH\Views\film\edit.php on line 47.
 1 APPPATH\Views\film\edit.php(47): CodeIgniter\Debug\Exceptions->errorHandler(2, 'Undefined array key "id"', 'D:\\GitHub\\PHP-FRAMEWORK-CI4\\MI4CApp\\app\\Views\\film\\edit.php', 47)
 2 SYSTEMPATH\View\View.php(213): include('D:\\GitHub\\PHP-FRAMEWORK-CI4\\MI4CApp\\app\\Views\\film\\edit.php')
 3 SYSTEMPATH\View\View.php(216): CodeIgniter\View\View->CodeIgniter\View\{closure}()
 4 SYSTEMPATH\Common.php(1184): CodeIgniter\View\View->render('film/edit', [], true)
 5 APPPATH\Controllers\Film.php(53): view('film/edit', [...])
 6 SYSTEMPATH\CodeIgniter.php(934): App\Controllers\Film->update('1')
 7 SYSTEMPATH\CodeIgniter.php(499): CodeIgniter\CodeIgniter->runController(Object(App\Controllers\Film))
 8 SYSTEMPATH\CodeIgniter.php(368): CodeIgniter\CodeIgniter->handleRequest(null, Object(Config\Cache), false)
 9 FCPATH\index.php(67): CodeIgniter\CodeIgniter->run()
10 SYSTEMPATH\Commands\Server\rewrite.php(47): require_once('D:\\GitHub\\PHP-FRAMEWORK-CI4\\MI4CApp\\public\\index.php')
INFO - 2023-07-05 00:14:34 --> Session: Class initialized using 'CodeIgniter\Session\Handlers\FileHandler' driver.
INFO - 2023-07-05 00:14:35 --> Session: Class initialized using 'CodeIgniter\Session\Handlers\FileHandler' driver.
CRITICAL - 2023-07-05 00:14:35 --> Trying to access array offset on value of type null
in APPPATH\Views\film\edit.php on line 23.
 1 APPPATH\Views\film\edit.php(23): CodeIgniter\Debug\Exceptions->errorHandler(2, 'Trying to access array offset on value of type null', 'D:\\GitHub\\PHP-FRAMEWORK-CI4\\MI4CApp\\app\\Views\\film\\edit.php', 23)
 2 SYSTEMPATH\View\View.php(213): include('D:\\GitHub\\PHP-FRAMEWORK-CI4\\MI4CApp\\app\\Views\\film\\edit.php')
 3 SYSTEMPATH\View\View.php(216): CodeIgniter\View\View->CodeIgniter\View\{closure}()
 4 SYSTEMPATH\Common.php(1184): CodeIgniter\View\View->render('film/edit', [], true)
 5 APPPATH\Controllers\Film.php(53): view('film/edit', [...])
 6 SYSTEMPATH\CodeIgniter.php(934): App\Controllers\Film->update('assets', 'js', 'bootstrap.min.js')
 7 SYSTEMPATH\CodeIgniter.php(499): CodeIgniter\CodeIgniter->runController(Object(App\Controllers\Film))
 8 SYSTEMPATH\CodeIgniter.php(368): CodeIgniter\CodeIgniter->handleRequest(null, Object(Config\Cache), false)
 9 FCPATH\index.php(67): CodeIgniter\CodeIgniter->run()
10 SYSTEMPATH\Commands\Server\rewrite.php(47): require_once('D:\\GitHub\\PHP-FRAMEWORK-CI4\\MI4CApp\\public\\index.php')
INFO - 2023-07-05 00:15:06 --> Session: Class initialized using 'CodeIgniter\Session\Handlers\FileHandler' driver.
INFO - 2023-07-05 00:15:07 --> Session: Class initialized using 'CodeIgniter\Session\Handlers\FileHandler' driver.
INFO - 2023-07-05 00:17:14 --> Session: Class initialized using 'CodeIgniter\Session\Handlers\FileHandler' driver.
INFO - 2023-07-05 00:17:44 --> Session: Class initialized using 'CodeIgniter\Session\Handlers\FileHandler' driver.
INFO - 2023-07-05 00:18:00 --> Session: Class initialized using 'CodeIgniter\Session\Handlers\FileHandler' driver.
INFO - 2023-07-05 00:18:28 --> Session: Class initialized using 'CodeIgniter\Session\Handlers\FileHandler' driver.
INFO - 2023-07-05 00:18:44 --> Session: Class initialized using 'CodeIgniter\Session\Handlers\FileHandler' driver.
INFO - 2023-07-05 00:18:45 --> Session: Class initialized using 'CodeIgniter\Session\Handlers\FileHandler' driver.
CRITICAL - 2023-07-05 00:18:45 --> Trying to access array offset on value of type null
in APPPATH\Views\film\edit.php on line 23.
 1 APPPATH\Views\film\edit.php(23): CodeIgniter\Debug\Exceptions->errorHandler(2, 'Trying to access array offset on value of type null', 'D:\\GitHub\\PHP-FRAMEWORK-CI4\\MI4CApp\\app\\Views\\film\\edit.php', 23)
 2 SYSTEMPATH\View\View.php(213): include('D:\\GitHub\\PHP-FRAMEWORK-CI4\\MI4CApp\\app\\Views\\film\\edit.php')
 3 SYSTEMPATH\View\View.php(216): CodeIgniter\View\View->CodeIgniter\View\{closure}()
 4 SYSTEMPATH\Common.php(1184): CodeIgniter\View\View->render('film/edit', [], true)
 5 APPPATH\Controllers\Film.php(53): view('film/edit', [...])
 6 SYSTEMPATH\CodeIgniter.php(934): App\Controllers\Film->update('assets', 'js', 'bootstrap.min.js')
 7 SYSTEMPATH\CodeIgniter.php(499): CodeIgniter\CodeIgniter->runController(Object(App\Controllers\Film))
 8 SYSTEMPATH\CodeIgniter.php(368): CodeIgniter\CodeIgniter->handleRequest(null, Object(Config\Cache), false)
 9 FCPATH\index.php(67): CodeIgniter\CodeIgniter->run()
10 SYSTEMPATH\Commands\Server\rewrite.php(47): require_once('D:\\GitHub\\PHP-FRAMEWORK-CI4\\MI4CApp\\public\\index.php')
INFO - 2023-07-05 00:19:14 --> Session: Class initialized using 'CodeIgniter\Session\Handlers\FileHandler' driver.
INFO - 2023-07-05 00:21:59 --> Session: Class initialized using 'CodeIgniter\Session\Handlers\FileHandler' driver.
INFO - 2023-07-05 00:32:41 --> Session: Class initialized using 'CodeIgniter\Session\Handlers\FileHandler' driver.
INFO - 2023-07-05 00:32:49 --> Session: Class initialized using 'CodeIgniter\Session\Handlers\FileHandler' driver.
INFO - 2023-07-05 00:32:50 --> Session: Class initialized using 'CodeIgniter\Session\Handlers\FileHandler' driver.
CRITICAL - 2023-07-05 00:32:50 --> Trying to access array offset on value of type null
in APPPATH\Views\film\edit.php on line 23.
 1 APPPATH\Views\film\edit.php(23): CodeIgniter\Debug\Exceptions->errorHandler(2, 'Trying to access array offset on value of type null', 'D:\\GitHub\\PHP-FRAMEWORK-CI4\\MI4CApp\\app\\Views\\film\\edit.php', 23)
 2 SYSTEMPATH\View\View.php(213): include('D:\\GitHub\\PHP-FRAMEWORK-CI4\\MI4CApp\\app\\Views\\film\\edit.php')
 3 SYSTEMPATH\View\View.php(216): CodeIgniter\View\View->CodeIgniter\View\{closure}()
 4 SYSTEMPATH\Common.php(1184): CodeIgniter\View\View->render('film/edit', [], true)
 5 APPPATH\Controllers\Film.php(53): view('film/edit', [...])
 6 SYSTEMPATH\CodeIgniter.php(934): App\Controllers\Film->update('assets', 'js', 'bootstrap.min.js')
 7 SYSTEMPATH\CodeIgniter.php(499): CodeIgniter\CodeIgniter->runController(Object(App\Controllers\Film))
 8 SYSTEMPATH\CodeIgniter.php(368): CodeIgniter\CodeIgniter->handleRequest(null, Object(Config\Cache), false)
 9 FCPATH\index.php(67): CodeIgniter\CodeIgniter->run()
10 SYSTEMPATH\Commands\Server\rewrite.php(47): require_once('D:\\GitHub\\PHP-FRAMEWORK-CI4\\MI4CApp\\public\\index.php')
INFO - 2023-07-05 00:33:58 --> Session: Class initialized using 'CodeIgniter\Session\Handlers\FileHandler' driver.
INFO - 2023-07-05 00:33:59 --> Session: Class initialized using 'CodeIgniter\Session\Handlers\FileHandler' driver.
INFO - 2023-07-05 00:33:59 --> Session: Class initialized using 'CodeIgniter\Session\Handlers\FileHandler' driver.
CRITICAL - 2023-07-05 00:33:59 --> Trying to access array offset on value of type null
in APPPATH\Views\film\edit.php on line 23.
 1 APPPATH\Views\film\edit.php(23): CodeIgniter\Debug\Exceptions->errorHandler(2, 'Trying to access array offset on value of type null', 'D:\\GitHub\\PHP-FRAMEWORK-CI4\\MI4CApp\\app\\Views\\film\\edit.php', 23)
 2 SYSTEMPATH\View\View.php(213): include('D:\\GitHub\\PHP-FRAMEWORK-CI4\\MI4CApp\\app\\Views\\film\\edit.php')
 3 SYSTEMPATH\View\View.php(216): CodeIgniter\View\View->CodeIgniter\View\{closure}()
 4 SYSTEMPATH\Common.php(1184): CodeIgniter\View\View->render('film/edit', [], true)
 5 APPPATH\Controllers\Film.php(53): view('film/edit', [...])
 6 SYSTEMPATH\CodeIgniter.php(934): App\Controllers\Film->update('assets', 'js', 'bootstrap.min.js')
 7 SYSTEMPATH\CodeIgniter.php(499): CodeIgniter\CodeIgniter->runController(Object(App\Controllers\Film))
 8 SYSTEMPATH\CodeIgniter.php(368): CodeIgniter\CodeIgniter->handleRequest(null, Object(Config\Cache), false)
 9 FCPATH\index.php(67): CodeIgniter\CodeIgniter->run()
10 SYSTEMPATH\Commands\Server\rewrite.php(47): require_once('D:\\GitHub\\PHP-FRAMEWORK-CI4\\MI4CApp\\public\\index.php')
INFO - 2023-07-05 00:34:06 --> Session: Class initialized using 'CodeIgniter\Session\Handlers\FileHandler' driver.
INFO - 2023-07-05 00:34:07 --> Session: Class initialized using 'CodeIgniter\Session\Handlers\FileHandler' driver.
INFO - 2023-07-05 00:57:26 --> Session: Class initialized using 'CodeIgniter\Session\Handlers\FileHandler' driver.
INFO - 2023-07-05 00:57:26 --> Session: Class initialized using 'CodeIgniter\Session\Handlers\FileHandler' driver.
CRITICAL - 2023-07-05 00:57:26 --> Trying to access array offset on value of type null
in APPPATH\Views\film\edit.php on line 23.
 1 APPPATH\Views\film\edit.php(23): CodeIgniter\Debug\Exceptions->errorHandler(2, 'Trying to access array offset on value of type null', 'D:\\GitHub\\PHP-FRAMEWORK-CI4\\MI4CApp\\app\\Views\\film\\edit.php', 23)
 2 SYSTEMPATH\View\View.php(213): include('D:\\GitHub\\PHP-FRAMEWORK-CI4\\MI4CApp\\app\\Views\\film\\edit.php')
 3 SYSTEMPATH\View\View.php(216): CodeIgniter\View\View->CodeIgniter\View\{closure}()
 4 SYSTEMPATH\Common.php(1184): CodeIgniter\View\View->render('film/edit', [], true)
 5 APPPATH\Controllers\Film.php(53): view('film/edit', [...])
 6 SYSTEMPATH\CodeIgniter.php(934): App\Controllers\Film->update('assets', 'js', 'bootstrap.min.js')
 7 SYSTEMPATH\CodeIgniter.php(499): CodeIgniter\CodeIgniter->runController(Object(App\Controllers\Film))
 8 SYSTEMPATH\CodeIgniter.php(368): CodeIgniter\CodeIgniter->handleRequest(null, Object(Config\Cache), false)
 9 FCPATH\index.php(67): CodeIgniter\CodeIgniter->run()
10 SYSTEMPATH\Commands\Server\rewrite.php(47): require_once('D:\\GitHub\\PHP-FRAMEWORK-CI4\\MI4CApp\\public\\index.php')
INFO - 2023-07-05 01:07:07 --> Session: Class initialized using 'CodeIgniter\Session\Handlers\FileHandler' driver.
INFO - 2023-07-05 01:07:09 --> Session: Class initialized using 'CodeIgniter\Session\Handlers\FileHandler' driver.
CRITICAL - 2023-07-05 01:07:09 --> openssl_decrypt(): IV passed is only 4 bytes long, cipher expects an IV of precisely 16 bytes, padding with \0
in APPPATH\Helpers\url_helper.php on line 19.
 1 [internal function]: CodeIgniter\Debug\Exceptions->errorHandler(2, 'openssl_decrypt(): IV passed is only 4 bytes long, cipher expects an IV of precisely 16 bytes, padding with \\0', 'D:\\GitHub\\PHP-FRAMEWORK-CI4\\MI4CApp\\app\\Helpers\\url_helper.php', 19)
 2 APPPATH\Helpers\url_helper.php(19): openssl_decrypt('', 'AES-256-CBC', 'MYs3cR3tK3y#2023', 0, 'jË¶')
 3 APPPATH\Controllers\Film.php(50): decryptUrl('assets')
 4 SYSTEMPATH\CodeIgniter.php(934): App\Controllers\Film->update('assets', 'js', 'bootstrap.min.js')
 5 SYSTEMPATH\CodeIgniter.php(499): CodeIgniter\CodeIgniter->runController(Object(App\Controllers\Film))
 6 SYSTEMPATH\CodeIgniter.php(368): CodeIgniter\CodeIgniter->handleRequest(null, Object(Config\Cache), false)
 7 FCPATH\index.php(67): CodeIgniter\CodeIgniter->run()
 8 SYSTEMPATH\Commands\Server\rewrite.php(47): require_once('D:\\GitHub\\PHP-FRAMEWORK-CI4\\MI4CApp\\public\\index.php')
CRITICAL - 2023-07-05 01:07:10 --> Uncaught CodeIgniter\Format\Exceptions\FormatException: Failed to parse JSON string. Error: Malformed UTF-8 characters, possibly incorrectly encoded in D:\GitHub\PHP-FRAMEWORK-CI4\MI4CApp\system\Format\JSONFormatter.php:41
Stack trace:
#0 D:\GitHub\PHP-FRAMEWORK-CI4\MI4CApp\system\Format\JSONFormatter.php(41): CodeIgniter\Format\Exceptions\FormatException::forInvalidJSON('Malformed UTF-8...')
#1 D:\GitHub\PHP-FRAMEWORK-CI4\MI4CApp\system\API\ResponseTrait.php(345): CodeIgniter\Format\JSONFormatter->format(Array)
#2 D:\GitHub\PHP-FRAMEWORK-CI4\MI4CApp\system\API\ResponseTrait.php(98): CodeIgniter\Debug\Exceptions->format(Array)
#3 D:\GitHub\PHP-FRAMEWORK-CI4\MI4CApp\system\Debug\Exceptions.php(150): CodeIgniter\Debug\Exceptions->respond(Array, 500)
#4 [internal function]: CodeIgniter\Debug\Exceptions->exceptionHandler(Object(ErrorException))
#5 {main}
  thrown
ã€Previous Exceptionã€‘
ErrorException
openssl_decrypt(): IV passed is only 4 bytes long, cipher expects an IV of precisely 16 bytes, padding with \0
#0 [internal function]: CodeIgniter\Debug\Exceptions->errorHandler(2, 'openssl_decrypt...', 'D:\\GitHub\\PHP-F...', 19)
#1 D:\GitHub\PHP-FRAMEWORK-CI4\MI4CApp\app\Helpers\url_helper.php(19): openssl_decrypt('', 'AES-256-CBC', 'MYs3cR3tK3y#202...', 0, 'j\xCB\x1E\xB6')
#2 D:\GitHub\PHP-FRAMEWORK-CI4\MI4CApp\app\Controllers\Film.php(50): decryptUrl('assets')
#3 D:\GitHub\PHP-FRAMEWORK-CI4\MI4CApp\system\CodeIgniter.php(934): App\Controllers\Film->update('assets', 'js', 'bootstrap.min.j...')
#4 D:\GitHub\PHP-FRAMEWORK-CI4\MI4CApp\system\CodeIgniter.php(499): CodeIgniter\CodeIgniter->runController(Object(App\Controllers\Film))
#5 D:\GitHub\PHP-FRAMEWORK-CI4\MI4CApp\system\CodeIgniter.php(368): CodeIgniter\CodeIgniter->handleRequest(NULL, Object(Config\Cache), false)
#6 D:\GitHub\PHP-FRAMEWORK-CI4\MI4CApp\public\index.php(67): CodeIgniter\CodeIgniter->run()
#7 D:\GitHub\PHP-FRAMEWORK-CI4\MI4CApp\system\Commands\Server\rewrite.php(47): require_once('D:\\GitHub\\PHP-F...')
#8 {main}
in SYSTEMPATH\Format\JSONFormatter.php on line 41.
 1 [internal function]: CodeIgniter\Debug\Exceptions->shutdownHandler()
INFO - 2023-07-05 01:14:14 --> Session: Class initialized using 'CodeIgniter\Session\Handlers\FileHandler' driver.
CRITICAL - 2023-07-05 01:14:14 --> openssl_decrypt(): IV passed is only 4 bytes long, cipher expects an IV of precisely 16 bytes, padding with \0
in APPPATH\Helpers\url_helper.php on line 19.
 1 [internal function]: CodeIgniter\Debug\Exceptions->errorHandler(2, 'openssl_decrypt(): IV passed is only 4 bytes long, cipher expects an IV of precisely 16 bytes, padding with \\0', 'D:\\GitHub\\PHP-FRAMEWORK-CI4\\MI4CApp\\app\\Helpers\\url_helper.php', 19)
 2 APPPATH\Helpers\url_helper.php(19): openssl_decrypt('', 'AES-256-CBC', 'MYs3cR3tK3y#2023', 0, 'jË¶')
 3 APPPATH\Controllers\Film.php(50): decryptUrl('assets')
 4 SYSTEMPATH\CodeIgniter.php(934): App\Controllers\Film->update('assets', 'js', 'bootstrap.min.js')
 5 SYSTEMPATH\CodeIgniter.php(499): CodeIgniter\CodeIgniter->runController(Object(App\Controllers\Film))
 6 SYSTEMPATH\CodeIgniter.php(368): CodeIgniter\CodeIgniter->handleRequest(null, Object(Config\Cache), false)
 7 FCPATH\index.php(67): CodeIgniter\CodeIgniter->run()
 8 SYSTEMPATH\Commands\Server\rewrite.php(47): require_once('D:\\GitHub\\PHP-FRAMEWORK-CI4\\MI4CApp\\public\\index.php')
CRITICAL - 2023-07-05 01:14:14 --> Uncaught CodeIgniter\Format\Exceptions\FormatException: Failed to parse JSON string. Error: Malformed UTF-8 characters, possibly incorrectly encoded in D:\GitHub\PHP-FRAMEWORK-CI4\MI4CApp\system\Format\JSONFormatter.php:41
Stack trace:
#0 D:\GitHub\PHP-FRAMEWORK-CI4\MI4CApp\system\Format\JSONFormatter.php(41): CodeIgniter\Format\Exceptions\FormatException::forInvalidJSON('Malformed UTF-8...')
#1 D:\GitHub\PHP-FRAMEWORK-CI4\MI4CApp\system\API\ResponseTrait.php(345): CodeIgniter\Format\JSONFormatter->format(Array)
#2 D:\GitHub\PHP-FRAMEWORK-CI4\MI4CApp\system\API\ResponseTrait.php(98): CodeIgniter\Debug\Exceptions->format(Array)
#3 D:\GitHub\PHP-FRAMEWORK-CI4\MI4CApp\system\Debug\Exceptions.php(150): CodeIgniter\Debug\Exceptions->respond(Array, 500)
#4 [internal function]: CodeIgniter\Debug\Exceptions->exceptionHandler(Object(ErrorException))
#5 {main}
  thrown
ã€Previous Exceptionã€‘
ErrorException
openssl_decrypt(): IV passed is only 4 bytes long, cipher expects an IV of precisely 16 bytes, padding with \0
#0 [internal function]: CodeIgniter\Debug\Exceptions->errorHandler(2, 'openssl_decrypt...', 'D:\\GitHub\\PHP-F...', 19)
#1 D:\GitHub\PHP-FRAMEWORK-CI4\MI4CApp\app\Helpers\url_helper.php(19): openssl_decrypt('', 'AES-256-CBC', 'MYs3cR3tK3y#202...', 0, 'j\xCB\x1E\xB6')
#2 D:\GitHub\PHP-FRAMEWORK-CI4\MI4CApp\app\Controllers\Film.php(50): decryptUrl('assets')
#3 D:\GitHub\PHP-FRAMEWORK-CI4\MI4CApp\system\CodeIgniter.php(934): App\Controllers\Film->update('assets', 'js', 'bootstrap.min.j...')
#4 D:\GitHub\PHP-FRAMEWORK-CI4\MI4CApp\system\CodeIgniter.php(499): CodeIgniter\CodeIgniter->runController(Object(App\Controllers\Film))
#5 D:\GitHub\PHP-FRAMEWORK-CI4\MI4CApp\system\CodeIgniter.php(368): CodeIgniter\CodeIgniter->handleRequest(NULL, Object(Config\Cache), false)
#6 D:\GitHub\PHP-FRAMEWORK-CI4\MI4CApp\public\index.php(67): CodeIgniter\CodeIgniter->run()
#7 D:\GitHub\PHP-FRAMEWORK-CI4\MI4CApp\system\Commands\Server\rewrite.php(47): require_once('D:\\GitHub\\PHP-F...')
#8 {main}
in SYSTEMPATH\Format\JSONFormatter.php on line 41.
 1 [internal function]: CodeIgniter\Debug\Exceptions->shutdownHandler()
INFO - 2023-07-05 01:14:32 --> Session: Class initialized using 'CodeIgniter\Session\Handlers\FileHandler' driver.
CRITICAL - 2023-07-05 01:14:32 --> openssl_decrypt(): IV passed is only 4 bytes long, cipher expects an IV of precisely 16 bytes, padding with \0
in APPPATH\Helpers\url_helper.php on line 19.
 1 [internal function]: CodeIgniter\Debug\Exceptions->errorHandler(2, 'openssl_decrypt(): IV passed is only 4 bytes long, cipher expects an IV of precisely 16 bytes, padding with \\0', 'D:\\GitHub\\PHP-FRAMEWORK-CI4\\MI4CApp\\app\\Helpers\\url_helper.php', 19)
 2 APPPATH\Helpers\url_helper.php(19): openssl_decrypt('', 'AES-256-CBC', 'MYs3cR3tK3y#2023', 0, 'jË¶')
 3 APPPATH\Controllers\Film.php(50): decryptUrl('assets')
 4 SYSTEMPATH\CodeIgniter.php(934): App\Controllers\Film->update('assets', 'js', 'bootstrap.min.js')
 5 SYSTEMPATH\CodeIgniter.php(499): CodeIgniter\CodeIgniter->runController(Object(App\Controllers\Film))
 6 SYSTEMPATH\CodeIgniter.php(368): CodeIgniter\CodeIgniter->handleRequest(null, Object(Config\Cache), false)
 7 FCPATH\index.php(67): CodeIgniter\CodeIgniter->run()
 8 SYSTEMPATH\Commands\Server\rewrite.php(47): require_once('D:\\GitHub\\PHP-FRAMEWORK-CI4\\MI4CApp\\public\\index.php')
CRITICAL - 2023-07-05 01:14:32 --> Uncaught CodeIgniter\Format\Exceptions\FormatException: Failed to parse JSON string. Error: Malformed UTF-8 characters, possibly incorrectly encoded in D:\GitHub\PHP-FRAMEWORK-CI4\MI4CApp\system\Format\JSONFormatter.php:41
Stack trace:
#0 D:\GitHub\PHP-FRAMEWORK-CI4\MI4CApp\system\Format\JSONFormatter.php(41): CodeIgniter\Format\Exceptions\FormatException::forInvalidJSON('Malformed UTF-8...')
#1 D:\GitHub\PHP-FRAMEWORK-CI4\MI4CApp\system\API\ResponseTrait.php(345): CodeIgniter\Format\JSONFormatter->format(Array)
#2 D:\GitHub\PHP-FRAMEWORK-CI4\MI4CApp\system\API\ResponseTrait.php(98): CodeIgniter\Debug\Exceptions->format(Array)
#3 D:\GitHub\PHP-FRAMEWORK-CI4\MI4CApp\system\Debug\Exceptions.php(150): CodeIgniter\Debug\Exceptions->respond(Array, 500)
#4 [internal function]: CodeIgniter\Debug\Exceptions->exceptionHandler(Object(ErrorException))
#5 {main}
  thrown
ã€Previous Exceptionã€‘
ErrorException
openssl_decrypt(): IV passed is only 4 bytes long, cipher expects an IV of precisely 16 bytes, padding with \0
#0 [internal function]: CodeIgniter\Debug\Exceptions->errorHandler(2, 'openssl_decrypt...', 'D:\\GitHub\\PHP-F...', 19)
#1 D:\GitHub\PHP-FRAMEWORK-CI4\MI4CApp\app\Helpers\url_helper.php(19): openssl_decrypt('', 'AES-256-CBC', 'MYs3cR3tK3y#202...', 0, 'j\xCB\x1E\xB6')
#2 D:\GitHub\PHP-FRAMEWORK-CI4\MI4CApp\app\Controllers\Film.php(50): decryptUrl('assets')
#3 D:\GitHub\PHP-FRAMEWORK-CI4\MI4CApp\system\CodeIgniter.php(934): App\Controllers\Film->update('assets', 'js', 'bootstrap.min.j...')
#4 D:\GitHub\PHP-FRAMEWORK-CI4\MI4CApp\system\CodeIgniter.php(499): CodeIgniter\CodeIgniter->runController(Object(App\Controllers\Film))
#5 D:\GitHub\PHP-FRAMEWORK-CI4\MI4CApp\system\CodeIgniter.php(368): CodeIgniter\CodeIgniter->handleRequest(NULL, Object(Config\Cache), false)
#6 D:\GitHub\PHP-FRAMEWORK-CI4\MI4CApp\public\index.php(67): CodeIgniter\CodeIgniter->run()
#7 D:\GitHub\PHP-FRAMEWORK-CI4\MI4CApp\system\Commands\Server\rewrite.php(47): require_once('D:\\GitHub\\PHP-F...')
#8 {main}
in SYSTEMPATH\Format\JSONFormatter.php on line 41.
 1 [internal function]: CodeIgniter\Debug\Exceptions->shutdownHandler()
INFO - 2023-07-05 01:14:46 --> Session: Class initialized using 'CodeIgniter\Session\Handlers\FileHandler' driver.
CRITICAL - 2023-07-05 01:14:47 --> openssl_decrypt(): IV passed is only 4 bytes long, cipher expects an IV of precisely 16 bytes, padding with \0
in APPPATH\Helpers\url_helper.php on line 19.
 1 [internal function]: CodeIgniter\Debug\Exceptions->errorHandler(2, 'openssl_decrypt(): IV passed is only 4 bytes long, cipher expects an IV of precisely 16 bytes, padding with \\0', 'D:\\GitHub\\PHP-FRAMEWORK-CI4\\MI4CApp\\app\\Helpers\\url_helper.php', 19)
 2 APPPATH\Helpers\url_helper.php(19): openssl_decrypt('', 'AES-256-CBC', 'MYs3cR3tK3y#2023', 0, 'jË¶')
 3 APPPATH\Controllers\Film.php(50): decryptUrl('assets')
 4 SYSTEMPATH\CodeIgniter.php(934): App\Controllers\Film->update('assets', 'js', 'bootstrap.min.js')
 5 SYSTEMPATH\CodeIgniter.php(499): CodeIgniter\CodeIgniter->runController(Object(App\Controllers\Film))
 6 SYSTEMPATH\CodeIgniter.php(368): CodeIgniter\CodeIgniter->handleRequest(null, Object(Config\Cache), false)
 7 FCPATH\index.php(67): CodeIgniter\CodeIgniter->run()
 8 SYSTEMPATH\Commands\Server\rewrite.php(47): require_once('D:\\GitHub\\PHP-FRAMEWORK-CI4\\MI4CApp\\public\\index.php')
CRITICAL - 2023-07-05 01:14:47 --> Uncaught CodeIgniter\Format\Exceptions\FormatException: Failed to parse JSON string. Error: Malformed UTF-8 characters, possibly incorrectly encoded in D:\GitHub\PHP-FRAMEWORK-CI4\MI4CApp\system\Format\JSONFormatter.php:41
Stack trace:
#0 D:\GitHub\PHP-FRAMEWORK-CI4\MI4CApp\system\Format\JSONFormatter.php(41): CodeIgniter\Format\Exceptions\FormatException::forInvalidJSON('Malformed UTF-8...')
#1 D:\GitHub\PHP-FRAMEWORK-CI4\MI4CApp\system\API\ResponseTrait.php(345): CodeIgniter\Format\JSONFormatter->format(Array)
#2 D:\GitHub\PHP-FRAMEWORK-CI4\MI4CApp\system\API\ResponseTrait.php(98): CodeIgniter\Debug\Exceptions->format(Array)
#3 D:\GitHub\PHP-FRAMEWORK-CI4\MI4CApp\system\Debug\Exceptions.php(150): CodeIgniter\Debug\Exceptions->respond(Array, 500)
#4 [internal function]: CodeIgniter\Debug\Exceptions->exceptionHandler(Object(ErrorException))
#5 {main}
  thrown
ã€Previous Exceptionã€‘
ErrorException
openssl_decrypt(): IV passed is only 4 bytes long, cipher expects an IV of precisely 16 bytes, padding with \0
#0 [internal function]: CodeIgniter\Debug\Exceptions->errorHandler(2, 'openssl_decrypt...', 'D:\\GitHub\\PHP-F...', 19)
#1 D:\GitHub\PHP-FRAMEWORK-CI4\MI4CApp\app\Helpers\url_helper.php(19): openssl_decrypt('', 'AES-256-CBC', 'MYs3cR3tK3y#202...', 0, 'j\xCB\x1E\xB6')
#2 D:\GitHub\PHP-FRAMEWORK-CI4\MI4CApp\app\Controllers\Film.php(50): decryptUrl('assets')
#3 D:\GitHub\PHP-FRAMEWORK-CI4\MI4CApp\system\CodeIgniter.php(934): App\Controllers\Film->update('assets', 'js', 'bootstrap.min.j...')
#4 D:\GitHub\PHP-FRAMEWORK-CI4\MI4CApp\system\CodeIgniter.php(499): CodeIgniter\CodeIgniter->runController(Object(App\Controllers\Film))
#5 D:\GitHub\PHP-FRAMEWORK-CI4\MI4CApp\system\CodeIgniter.php(368): CodeIgniter\CodeIgniter->handleRequest(NULL, Object(Config\Cache), false)
#6 D:\GitHub\PHP-FRAMEWORK-CI4\MI4CApp\public\index.php(67): CodeIgniter\CodeIgniter->run()
#7 D:\GitHub\PHP-FRAMEWORK-CI4\MI4CApp\system\Commands\Server\rewrite.php(47): require_once('D:\\GitHub\\PHP-F...')
#8 {main}
in SYSTEMPATH\Format\JSONFormatter.php on line 41.
 1 [internal function]: CodeIgniter\Debug\Exceptions->shutdownHandler()
INFO - 2023-07-05 01:15:49 --> Session: Class initialized using 'CodeIgniter\Session\Handlers\FileHandler' driver.
CRITICAL - 2023-07-05 01:15:50 --> openssl_decrypt(): IV passed is only 4 bytes long, cipher expects an IV of precisely 16 bytes, padding with \0
in APPPATH\Helpers\url_helper.php on line 19.
 1 [internal function]: CodeIgniter\Debug\Exceptions->errorHandler(2, 'openssl_decrypt(): IV passed is only 4 bytes long, cipher expects an IV of precisely 16 bytes, padding with \\0', 'D:\\GitHub\\PHP-FRAMEWORK-CI4\\MI4CApp\\app\\Helpers\\url_helper.php', 19)
 2 APPPATH\Helpers\url_helper.php(19): openssl_decrypt('', 'AES-256-CBC', 'MYs3cR3tK3y#2023', 0, 'jË¶')
 3 APPPATH\Controllers\Film.php(50): decryptUrl('assets')
 4 SYSTEMPATH\CodeIgniter.php(934): App\Controllers\Film->update('assets', 'js', 'bootstrap.min.js')
 5 SYSTEMPATH\CodeIgniter.php(499): CodeIgniter\CodeIgniter->runController(Object(App\Controllers\Film))
 6 SYSTEMPATH\CodeIgniter.php(368): CodeIgniter\CodeIgniter->handleRequest(null, Object(Config\Cache), false)
 7 FCPATH\index.php(67): CodeIgniter\CodeIgniter->run()
 8 SYSTEMPATH\Commands\Server\rewrite.php(47): require_once('D:\\GitHub\\PHP-FRAMEWORK-CI4\\MI4CApp\\public\\index.php')
CRITICAL - 2023-07-05 01:15:50 --> Uncaught CodeIgniter\Format\Exceptions\FormatException: Failed to parse JSON string. Error: Malformed UTF-8 characters, possibly incorrectly encoded in D:\GitHub\PHP-FRAMEWORK-CI4\MI4CApp\system\Format\JSONFormatter.php:41
Stack trace:
#0 D:\GitHub\PHP-FRAMEWORK-CI4\MI4CApp\system\Format\JSONFormatter.php(41): CodeIgniter\Format\Exceptions\FormatException::forInvalidJSON('Malformed UTF-8...')
#1 D:\GitHub\PHP-FRAMEWORK-CI4\MI4CApp\system\API\ResponseTrait.php(345): CodeIgniter\Format\JSONFormatter->format(Array)
#2 D:\GitHub\PHP-FRAMEWORK-CI4\MI4CApp\system\API\ResponseTrait.php(98): CodeIgniter\Debug\Exceptions->format(Array)
#3 D:\GitHub\PHP-FRAMEWORK-CI4\MI4CApp\system\Debug\Exceptions.php(150): CodeIgniter\Debug\Exceptions->respond(Array, 500)
#4 [internal function]: CodeIgniter\Debug\Exceptions->exceptionHandler(Object(ErrorException))
#5 {main}
  thrown
ã€Previous Exceptionã€‘
ErrorException
openssl_decrypt(): IV passed is only 4 bytes long, cipher expects an IV of precisely 16 bytes, padding with \0
#0 [internal function]: CodeIgniter\Debug\Exceptions->errorHandler(2, 'openssl_decrypt...', 'D:\\GitHub\\PHP-F...', 19)
#1 D:\GitHub\PHP-FRAMEWORK-CI4\MI4CApp\app\Helpers\url_helper.php(19): openssl_decrypt('', 'AES-256-CBC', 'MYs3cR3tK3y#202...', 0, 'j\xCB\x1E\xB6')
#2 D:\GitHub\PHP-FRAMEWORK-CI4\MI4CApp\app\Controllers\Film.php(50): decryptUrl('assets')
#3 D:\GitHub\PHP-FRAMEWORK-CI4\MI4CApp\system\CodeIgniter.php(934): App\Controllers\Film->update('assets', 'js', 'bootstrap.min.j...')
#4 D:\GitHub\PHP-FRAMEWORK-CI4\MI4CApp\system\CodeIgniter.php(499): CodeIgniter\CodeIgniter->runController(Object(App\Controllers\Film))
#5 D:\GitHub\PHP-FRAMEWORK-CI4\MI4CApp\system\CodeIgniter.php(368): CodeIgniter\CodeIgniter->handleRequest(NULL, Object(Config\Cache), false)
#6 D:\GitHub\PHP-FRAMEWORK-CI4\MI4CApp\public\index.php(67): CodeIgniter\CodeIgniter->run()
#7 D:\GitHub\PHP-FRAMEWORK-CI4\MI4CApp\system\Commands\Server\rewrite.php(47): require_once('D:\\GitHub\\PHP-F...')
#8 {main}
in SYSTEMPATH\Format\JSONFormatter.php on line 41.
 1 [internal function]: CodeIgniter\Debug\Exceptions->shutdownHandler()
INFO - 2023-07-05 01:17:30 --> Session: Class initialized using 'CodeIgniter\Session\Handlers\FileHandler' driver.
INFO - 2023-07-05 01:17:30 --> Session: Class initialized using 'CodeIgniter\Session\Handlers\FileHandler' driver.
INFO - 2023-07-05 01:21:35 --> Session: Class initialized using 'CodeIgniter\Session\Handlers\FileHandler' driver.
INFO - 2023-07-05 01:21:44 --> Session: Class initialized using 'CodeIgniter\Session\Handlers\FileHandler' driver.
INFO - 2023-07-05 01:21:47 --> Session: Class initialized using 'CodeIgniter\Session\Handlers\FileHandler' driver.
INFO - 2023-07-05 01:21:48 --> Session: Class initialized using 'CodeIgniter\Session\Handlers\FileHandler' driver.
INFO - 2023-07-05 01:21:52 --> Session: Class initialized using 'CodeIgniter\Session\Handlers\FileHandler' driver.
INFO - 2023-07-05 02:09:24 --> Session: Class initialized using 'CodeIgniter\Session\Handlers\FileHandler' driver.
INFO - 2023-07-05 02:31:14 --> Session: Class initialized using 'CodeIgniter\Session\Handlers\FileHandler' driver.
INFO - 2023-07-05 02:31:17 --> Session: Class initialized using 'CodeIgniter\Session\Handlers\FileHandler' driver.
