CRITICAL - 2023-06-20 16:11:29 --> Call to undefined method App\Models\GenreModel::getGenre
in SYSTEMPATH\Model.php on line 842.
 1 APPPATH\Controllers\Genre.php(22): CodeIgniter\Model->__call('getGenre', [])
 2 SYSTEMPATH\CodeIgniter.php(934): App\Controllers\Genre->index()
 3 SYSTEMPATH\CodeIgniter.php(499): CodeIgniter\CodeIgniter->runController(Object(App\Controllers\Genre))
 4 SYSTEMPATH\CodeIgniter.php(368): CodeIgniter\CodeIgniter->handleRequest(null, Object(Config\Cache), false)
 5 FCPATH\index.php(67): CodeIgniter\CodeIgniter->run()
 6 SYSTEMPATH\Commands\Server\rewrite.php(47): require_once('D:\\xampp\\htdocs\\MI4CApp\\public\\index.php')
CRITICAL - 2023-06-20 16:14:19 --> Call to undefined method App\Models\GenreModel::getGenre
in SYSTEMPATH\Model.php on line 842.
 1 APPPATH\Controllers\Genre.php(22): CodeIgniter\Model->__call('getGenre', [])
 2 SYSTEMPATH\CodeIgniter.php(934): App\Controllers\Genre->index()
 3 SYSTEMPATH\CodeIgniter.php(499): CodeIgniter\CodeIgniter->runController(Object(App\Controllers\Genre))
 4 SYSTEMPATH\CodeIgniter.php(368): CodeIgniter\CodeIgniter->handleRequest(null, Object(Config\Cache), false)
 5 FCPATH\index.php(67): CodeIgniter\CodeIgniter->run()
 6 SYSTEMPATH\Commands\Server\rewrite.php(47): require_once('D:\\xampp\\htdocs\\MI4CApp\\public\\index.php')
CRITICAL - 2023-06-20 16:14:39 --> Call to undefined method App\Models\GenreModel::getGenre
in SYSTEMPATH\Model.php on line 842.
 1 APPPATH\Controllers\Genre.php(22): CodeIgniter\Model->__call('getGenre', [])
 2 SYSTEMPATH\CodeIgniter.php(934): App\Controllers\Genre->index()
 3 SYSTEMPATH\CodeIgniter.php(499): CodeIgniter\CodeIgniter->runController(Object(App\Controllers\Genre))
 4 SYSTEMPATH\CodeIgniter.php(368): CodeIgniter\CodeIgniter->handleRequest(null, Object(Config\Cache), false)
 5 FCPATH\index.php(67): CodeIgniter\CodeIgniter->run()
 6 SYSTEMPATH\Commands\Server\rewrite.php(47): require_once('D:\\xampp\\htdocs\\MI4CApp\\public\\index.php')
CRITICAL - 2023-06-20 16:24:38 --> Call to undefined method App\Models\GenreModel::getGenre
in SYSTEMPATH\Model.php on line 842.
 1 APPPATH\Controllers\Genre.php(22): CodeIgniter\Model->__call('getGenre', [])
 2 SYSTEMPATH\CodeIgniter.php(934): App\Controllers\Genre->index()
 3 SYSTEMPATH\CodeIgniter.php(499): CodeIgniter\CodeIgniter->runController(Object(App\Controllers\Genre))
 4 SYSTEMPATH\CodeIgniter.php(368): CodeIgniter\CodeIgniter->handleRequest(null, Object(Config\Cache), false)
 5 FCPATH\index.php(67): CodeIgniter\CodeIgniter->run()
 6 SYSTEMPATH\Commands\Server\rewrite.php(47): require_once('D:\\xampp\\htdocs\\MI4CApp\\public\\index.php')
CRITICAL - 2023-06-20 16:24:39 --> Call to undefined method App\Models\GenreModel::getGenre
in SYSTEMPATH\Model.php on line 842.
 1 APPPATH\Controllers\Genre.php(22): CodeIgniter\Model->__call('getGenre', [])
 2 SYSTEMPATH\CodeIgniter.php(934): App\Controllers\Genre->index()
 3 SYSTEMPATH\CodeIgniter.php(499): CodeIgniter\CodeIgniter->runController(Object(App\Controllers\Genre))
 4 SYSTEMPATH\CodeIgniter.php(368): CodeIgniter\CodeIgniter->handleRequest(null, Object(Config\Cache), false)
 5 FCPATH\index.php(67): CodeIgniter\CodeIgniter->run()
 6 SYSTEMPATH\Commands\Server\rewrite.php(47): require_once('D:\\xampp\\htdocs\\MI4CApp\\public\\index.php')
CRITICAL - 2023-06-20 16:27:04 --> Call to undefined method App\Models\GenreModel::getGenre
in SYSTEMPATH\Model.php on line 842.
 1 APPPATH\Controllers\Genre.php(22): CodeIgniter\Model->__call('getGenre', [])
 2 SYSTEMPATH\CodeIgniter.php(934): App\Controllers\Genre->index()
 3 SYSTEMPATH\CodeIgniter.php(499): CodeIgniter\CodeIgniter->runController(Object(App\Controllers\Genre))
 4 SYSTEMPATH\CodeIgniter.php(368): CodeIgniter\CodeIgniter->handleRequest(null, Object(Config\Cache), false)
 5 FCPATH\index.php(67): CodeIgniter\CodeIgniter->run()
 6 SYSTEMPATH\Commands\Server\rewrite.php(47): require_once('D:\\xampp\\htdocs\\MI4CApp\\public\\index.php')
CRITICAL - 2023-06-20 16:27:39 --> Call to undefined method App\Models\GenreModel::getGenre
in SYSTEMPATH\Model.php on line 842.
 1 APPPATH\Controllers\Genre.php(22): CodeIgniter\Model->__call('getGenre', [])
 2 SYSTEMPATH\CodeIgniter.php(934): App\Controllers\Genre->index()
 3 SYSTEMPATH\CodeIgniter.php(499): CodeIgniter\CodeIgniter->runController(Object(App\Controllers\Genre))
 4 SYSTEMPATH\CodeIgniter.php(368): CodeIgniter\CodeIgniter->handleRequest(null, Object(Config\Cache), false)
 5 FCPATH\index.php(67): CodeIgniter\CodeIgniter->run()
 6 SYSTEMPATH\Commands\Server\rewrite.php(47): require_once('D:\\xampp\\htdocs\\MI4CApp\\public\\index.php')
CRITICAL - 2023-06-20 16:27:44 --> Call to undefined method App\Models\GenreModel::getGenre
in SYSTEMPATH\Model.php on line 842.
 1 APPPATH\Controllers\Genre.php(22): CodeIgniter\Model->__call('getGenre', [])
 2 SYSTEMPATH\CodeIgniter.php(934): App\Controllers\Genre->index()
 3 SYSTEMPATH\CodeIgniter.php(499): CodeIgniter\CodeIgniter->runController(Object(App\Controllers\Genre))
 4 SYSTEMPATH\CodeIgniter.php(368): CodeIgniter\CodeIgniter->handleRequest(null, Object(Config\Cache), false)
 5 FCPATH\index.php(67): CodeIgniter\CodeIgniter->run()
 6 SYSTEMPATH\Commands\Server\rewrite.php(47): require_once('D:\\xampp\\htdocs\\MI4CApp\\public\\index.php')
CRITICAL - 2023-06-20 16:28:37 --> Call to undefined method App\Models\GenreModel::getGenre
in SYSTEMPATH\Model.php on line 842.
 1 APPPATH\Controllers\Genre.php(22): CodeIgniter\Model->__call('getGenre', [])
 2 SYSTEMPATH\CodeIgniter.php(934): App\Controllers\Genre->index()
 3 SYSTEMPATH\CodeIgniter.php(499): CodeIgniter\CodeIgniter->runController(Object(App\Controllers\Genre))
 4 SYSTEMPATH\CodeIgniter.php(368): CodeIgniter\CodeIgniter->handleRequest(null, Object(Config\Cache), false)
 5 FCPATH\index.php(67): CodeIgniter\CodeIgniter->run()
 6 SYSTEMPATH\Commands\Server\rewrite.php(47): require_once('D:\\xampp\\htdocs\\MI4CApp\\public\\index.php')
CRITICAL - 2023-06-20 16:29:01 --> Call to undefined method App\Models\GenreModel::getAllDataJoin
in SYSTEMPATH\Model.php on line 842.
 1 APPPATH\Controllers\Genre.php(22): CodeIgniter\Model->__call('getAllDataJoin', [])
 2 SYSTEMPATH\CodeIgniter.php(934): App\Controllers\Genre->index()
 3 SYSTEMPATH\CodeIgniter.php(499): CodeIgniter\CodeIgniter->runController(Object(App\Controllers\Genre))
 4 SYSTEMPATH\CodeIgniter.php(368): CodeIgniter\CodeIgniter->handleRequest(null, Object(Config\Cache), false)
 5 FCPATH\index.php(67): CodeIgniter\CodeIgniter->run()
 6 SYSTEMPATH\Commands\Server\rewrite.php(47): require_once('D:\\xampp\\htdocs\\MI4CApp\\public\\index.php')
CRITICAL - 2023-06-20 16:29:25 --> Call to undefined method App\Models\GenreModel::getGenre
in SYSTEMPATH\Model.php on line 842.
 1 APPPATH\Controllers\Genre.php(22): CodeIgniter\Model->__call('getGenre', [])
 2 SYSTEMPATH\CodeIgniter.php(934): App\Controllers\Genre->index()
 3 SYSTEMPATH\CodeIgniter.php(499): CodeIgniter\CodeIgniter->runController(Object(App\Controllers\Genre))
 4 SYSTEMPATH\CodeIgniter.php(368): CodeIgniter\CodeIgniter->handleRequest(null, Object(Config\Cache), false)
 5 FCPATH\index.php(67): CodeIgniter\CodeIgniter->run()
 6 SYSTEMPATH\Commands\Server\rewrite.php(47): require_once('D:\\xampp\\htdocs\\MI4CApp\\public\\index.php')
CRITICAL - 2023-06-20 16:30:01 --> Call to undefined method App\Models\GenreModel::getGenre
in SYSTEMPATH\Model.php on line 842.
 1 APPPATH\Controllers\Genre.php(22): CodeIgniter\Model->__call('getGenre', [])
 2 SYSTEMPATH\CodeIgniter.php(934): App\Controllers\Genre->index()
 3 SYSTEMPATH\CodeIgniter.php(499): CodeIgniter\CodeIgniter->runController(Object(App\Controllers\Genre))
 4 SYSTEMPATH\CodeIgniter.php(368): CodeIgniter\CodeIgniter->handleRequest(null, Object(Config\Cache), false)
 5 FCPATH\index.php(67): CodeIgniter\CodeIgniter->run()
 6 SYSTEMPATH\Commands\Server\rewrite.php(47): require_once('D:\\xampp\\htdocs\\MI4CApp\\public\\index.php')
CRITICAL - 2023-06-20 16:33:16 --> Call to undefined method App\Models\GenreModel::getGenre
in SYSTEMPATH\Model.php on line 842.
 1 APPPATH\Controllers\Genre.php(22): CodeIgniter\Model->__call('getGenre', [])
 2 SYSTEMPATH\CodeIgniter.php(934): App\Controllers\Genre->index()
 3 SYSTEMPATH\CodeIgniter.php(499): CodeIgniter\CodeIgniter->runController(Object(App\Controllers\Genre))
 4 SYSTEMPATH\CodeIgniter.php(368): CodeIgniter\CodeIgniter->handleRequest(null, Object(Config\Cache), false)
 5 FCPATH\index.php(67): CodeIgniter\CodeIgniter->run()
 6 SYSTEMPATH\Commands\Server\rewrite.php(47): require_once('D:\\xampp\\htdocs\\MI4CApp\\public\\index.php')
CRITICAL - 2023-06-20 16:36:41 --> Call to undefined method App\Models\GenreModel::getGenre
in SYSTEMPATH\Model.php on line 842.
 1 APPPATH\Controllers\Genre.php(22): CodeIgniter\Model->__call('getGenre', [])
 2 SYSTEMPATH\CodeIgniter.php(934): App\Controllers\Genre->index()
 3 SYSTEMPATH\CodeIgniter.php(499): CodeIgniter\CodeIgniter->runController(Object(App\Controllers\Genre))
 4 SYSTEMPATH\CodeIgniter.php(368): CodeIgniter\CodeIgniter->handleRequest(null, Object(Config\Cache), false)
 5 FCPATH\index.php(67): CodeIgniter\CodeIgniter->run()
 6 SYSTEMPATH\Commands\Server\rewrite.php(47): require_once('D:\\xampp\\htdocs\\MI4CApp\\public\\index.php')
CRITICAL - 2023-06-20 16:38:48 --> Call to undefined method App\Models\GenreModel::getGenre
in SYSTEMPATH\Model.php on line 842.
 1 APPPATH\Controllers\Genre.php(22): CodeIgniter\Model->__call('getGenre', [])
 2 SYSTEMPATH\CodeIgniter.php(934): App\Controllers\Genre->index()
 3 SYSTEMPATH\CodeIgniter.php(499): CodeIgniter\CodeIgniter->runController(Object(App\Controllers\Genre))
 4 SYSTEMPATH\CodeIgniter.php(368): CodeIgniter\CodeIgniter->handleRequest(null, Object(Config\Cache), false)
 5 FCPATH\index.php(67): CodeIgniter\CodeIgniter->run()
 6 SYSTEMPATH\Commands\Server\rewrite.php(47): require_once('D:\\xampp\\htdocs\\MI4CApp\\public\\index.php')
CRITICAL - 2023-06-20 16:40:30 --> Cannot redeclare App\Controllers\Genre::genre()
in APPPATH\Controllers\Genre.php on line 30.
 1 [internal function]: CodeIgniter\Debug\Exceptions->shutdownHandler()
CRITICAL - 2023-06-20 16:42:17 --> Call to undefined method App\Models\GenreModel::getGenre
in SYSTEMPATH\Model.php on line 842.
 1 APPPATH\Controllers\Genre.php(22): CodeIgniter\Model->__call('getGenre', [])
 2 SYSTEMPATH\CodeIgniter.php(934): App\Controllers\Genre->index()
 3 SYSTEMPATH\CodeIgniter.php(499): CodeIgniter\CodeIgniter->runController(Object(App\Controllers\Genre))
 4 SYSTEMPATH\CodeIgniter.php(368): CodeIgniter\CodeIgniter->handleRequest(null, Object(Config\Cache), false)
 5 FCPATH\index.php(67): CodeIgniter\CodeIgniter->run()
 6 SYSTEMPATH\Commands\Server\rewrite.php(47): require_once('D:\\xampp\\htdocs\\MI4CApp\\public\\index.php')
CRITICAL - 2023-06-20 16:50:59 --> Call to undefined method App\Models\GenreModel::getGenre
in SYSTEMPATH\Model.php on line 842.
 1 APPPATH\Controllers\Genre.php(22): CodeIgniter\Model->__call('getGenre', [])
 2 SYSTEMPATH\CodeIgniter.php(934): App\Controllers\Genre->index()
 3 SYSTEMPATH\CodeIgniter.php(499): CodeIgniter\CodeIgniter->runController(Object(App\Controllers\Genre))
 4 SYSTEMPATH\CodeIgniter.php(368): CodeIgniter\CodeIgniter->handleRequest(null, Object(Config\Cache), false)
 5 FCPATH\index.php(67): CodeIgniter\CodeIgniter->run()
 6 SYSTEMPATH\Commands\Server\rewrite.php(47): require_once('D:\\xampp\\htdocs\\MI4CApp\\public\\index.php')
CRITICAL - 2023-06-20 16:54:48 --> Invalid file: "film/semuagenre.php"
in SYSTEMPATH\Exceptions\FrameworkException.php on line 33.
 1 SYSTEMPATH\View\View.php(201): CodeIgniter\Exceptions\FrameworkException::forInvalidFile('film/semuagenre.php')
 2 SYSTEMPATH\Common.php(1184): CodeIgniter\View\View->render('film/semuagenre', [], true)
 3 APPPATH\Controllers\Genre.php(28): view('film/semuagenre', [...])
 4 SYSTEMPATH\CodeIgniter.php(934): App\Controllers\Genre->all()
 5 SYSTEMPATH\CodeIgniter.php(499): CodeIgniter\CodeIgniter->runController(Object(App\Controllers\Genre))
 6 SYSTEMPATH\CodeIgniter.php(368): CodeIgniter\CodeIgniter->handleRequest(null, Object(Config\Cache), false)
 7 FCPATH\index.php(67): CodeIgniter\CodeIgniter->run()
 8 SYSTEMPATH\Commands\Server\rewrite.php(47): require_once('D:\\xampp\\htdocs\\MI4CApp\\public\\index.php')
CRITICAL - 2023-06-20 16:54:48 --> Invalid file: "film/semuagenre.php"
in SYSTEMPATH\Exceptions\FrameworkException.php on line 33.
 1 SYSTEMPATH\View\View.php(201): CodeIgniter\Exceptions\FrameworkException::forInvalidFile('film/semuagenre.php')
 2 SYSTEMPATH\Common.php(1184): CodeIgniter\View\View->render('film/semuagenre', [], true)
 3 APPPATH\Controllers\Genre.php(28): view('film/semuagenre', [...])
 4 SYSTEMPATH\CodeIgniter.php(934): App\Controllers\Genre->all()
 5 SYSTEMPATH\CodeIgniter.php(499): CodeIgniter\CodeIgniter->runController(Object(App\Controllers\Genre))
 6 SYSTEMPATH\CodeIgniter.php(368): CodeIgniter\CodeIgniter->handleRequest(null, Object(Config\Cache), false)
 7 FCPATH\index.php(67): CodeIgniter\CodeIgniter->run()
 8 SYSTEMPATH\Commands\Server\rewrite.php(47): require_once('D:\\xampp\\htdocs\\MI4CApp\\public\\index.php')
CRITICAL - 2023-06-20 16:55:20 --> Undefined variable $data_genre
in APPPATH\Views\film\genre.php on line 47.
 1 APPPATH\Views\film\genre.php(47): CodeIgniter\Debug\Exceptions->errorHandler(2, 'Undefined variable $data_genre', 'D:\\xampp\\htdocs\\MI4CApp\\app\\Views\\film\\genre.php', 47)
 2 SYSTEMPATH\View\View.php(213): include('D:\\xampp\\htdocs\\MI4CApp\\app\\Views\\film\\genre.php')
 3 SYSTEMPATH\View\View.php(216): CodeIgniter\View\View->CodeIgniter\View\{closure}()
 4 SYSTEMPATH\Common.php(1184): CodeIgniter\View\View->render('film/genre', [], true)
 5 APPPATH\Controllers\Genre.php(28): view('film/genre', [...])
 6 SYSTEMPATH\CodeIgniter.php(934): App\Controllers\Genre->all()
 7 SYSTEMPATH\CodeIgniter.php(499): CodeIgniter\CodeIgniter->runController(Object(App\Controllers\Genre))
 8 SYSTEMPATH\CodeIgniter.php(368): CodeIgniter\CodeIgniter->handleRequest(null, Object(Config\Cache), false)
 9 FCPATH\index.php(67): CodeIgniter\CodeIgniter->run()
10 SYSTEMPATH\Commands\Server\rewrite.php(47): require_once('D:\\xampp\\htdocs\\MI4CApp\\public\\index.php')
CRITICAL - 2023-06-20 16:55:58 --> Call to undefined method App\Models\GenreModel::getGenre
in SYSTEMPATH\Model.php on line 842.
 1 APPPATH\Controllers\Genre.php(22): CodeIgniter\Model->__call('getGenre', [])
 2 SYSTEMPATH\CodeIgniter.php(934): App\Controllers\Genre->index()
 3 SYSTEMPATH\CodeIgniter.php(499): CodeIgniter\CodeIgniter->runController(Object(App\Controllers\Genre))
 4 SYSTEMPATH\CodeIgniter.php(368): CodeIgniter\CodeIgniter->handleRequest(null, Object(Config\Cache), false)
 5 FCPATH\index.php(67): CodeIgniter\CodeIgniter->run()
 6 SYSTEMPATH\Commands\Server\rewrite.php(47): require_once('D:\\xampp\\htdocs\\MI4CApp\\public\\index.php')
CRITICAL - 2023-06-20 16:56:18 --> Call to undefined method App\Models\GenreModel::getGenre
in SYSTEMPATH\Model.php on line 842.
 1 APPPATH\Controllers\Genre.php(22): CodeIgniter\Model->__call('getGenre', [])
 2 SYSTEMPATH\CodeIgniter.php(934): App\Controllers\Genre->index()
 3 SYSTEMPATH\CodeIgniter.php(499): CodeIgniter\CodeIgniter->runController(Object(App\Controllers\Genre))
 4 SYSTEMPATH\CodeIgniter.php(368): CodeIgniter\CodeIgniter->handleRequest(null, Object(Config\Cache), false)
 5 FCPATH\index.php(67): CodeIgniter\CodeIgniter->run()
 6 SYSTEMPATH\Commands\Server\rewrite.php(47): require_once('D:\\xampp\\htdocs\\MI4CApp\\public\\index.php')
CRITICAL - 2023-06-20 16:56:21 --> Call to undefined method App\Models\GenreModel::getGenre
in SYSTEMPATH\Model.php on line 842.
 1 APPPATH\Controllers\Genre.php(22): CodeIgniter\Model->__call('getGenre', [])
 2 SYSTEMPATH\CodeIgniter.php(934): App\Controllers\Genre->index()
 3 SYSTEMPATH\CodeIgniter.php(499): CodeIgniter\CodeIgniter->runController(Object(App\Controllers\Genre))
 4 SYSTEMPATH\CodeIgniter.php(368): CodeIgniter\CodeIgniter->handleRequest(null, Object(Config\Cache), false)
 5 FCPATH\index.php(67): CodeIgniter\CodeIgniter->run()
 6 SYSTEMPATH\Commands\Server\rewrite.php(47): require_once('D:\\xampp\\htdocs\\MI4CApp\\public\\index.php')
CRITICAL - 2023-06-20 16:56:42 --> Call to undefined method App\Models\GenreModel::getGenre
in SYSTEMPATH\Model.php on line 842.
 1 APPPATH\Controllers\Genre.php(22): CodeIgniter\Model->__call('getGenre', [])
 2 SYSTEMPATH\CodeIgniter.php(934): App\Controllers\Genre->index()
 3 SYSTEMPATH\CodeIgniter.php(499): CodeIgniter\CodeIgniter->runController(Object(App\Controllers\Genre))
 4 SYSTEMPATH\CodeIgniter.php(368): CodeIgniter\CodeIgniter->handleRequest(null, Object(Config\Cache), false)
 5 FCPATH\index.php(67): CodeIgniter\CodeIgniter->run()
 6 SYSTEMPATH\Commands\Server\rewrite.php(47): require_once('D:\\xampp\\htdocs\\MI4CApp\\public\\index.php')
CRITICAL - 2023-06-20 18:06:05 --> Invalid file: "about.php"
in SYSTEMPATH\Exceptions\FrameworkException.php on line 33.
 1 SYSTEMPATH\View\View.php(201): CodeIgniter\Exceptions\FrameworkException::forInvalidFile('about.php')
 2 SYSTEMPATH\Common.php(1184): CodeIgniter\View\View->render('about', [], true)
 3 APPPATH\Controllers\About.php(11): view('about')
 4 SYSTEMPATH\CodeIgniter.php(934): App\Controllers\About->index()
 5 SYSTEMPATH\CodeIgniter.php(499): CodeIgniter\CodeIgniter->runController(Object(App\Controllers\About))
 6 SYSTEMPATH\CodeIgniter.php(368): CodeIgniter\CodeIgniter->handleRequest(null, Object(Config\Cache), false)
 7 FCPATH\index.php(67): CodeIgniter\CodeIgniter->run()
 8 SYSTEMPATH\Commands\Server\rewrite.php(47): require_once('D:\\xampp\\htdocs\\MI4CApp\\public\\index.php')
CRITICAL - 2023-06-20 18:07:11 --> Invalid file: "about.php"
in SYSTEMPATH\Exceptions\FrameworkException.php on line 33.
 1 SYSTEMPATH\View\View.php(201): CodeIgniter\Exceptions\FrameworkException::forInvalidFile('about.php')
 2 SYSTEMPATH\Common.php(1184): CodeIgniter\View\View->render('about', [], true)
 3 APPPATH\Controllers\About.php(11): view('about')
 4 SYSTEMPATH\CodeIgniter.php(934): App\Controllers\About->index()
 5 SYSTEMPATH\CodeIgniter.php(499): CodeIgniter\CodeIgniter->runController(Object(App\Controllers\About))
 6 SYSTEMPATH\CodeIgniter.php(368): CodeIgniter\CodeIgniter->handleRequest(null, Object(Config\Cache), false)
 7 FCPATH\index.php(67): CodeIgniter\CodeIgniter->run()
 8 SYSTEMPATH\Commands\Server\rewrite.php(47): require_once('D:\\xampp\\htdocs\\MI4CApp\\public\\index.php')
