CRITICAL - 2023-06-07 02:29:06 --> Call to undefined method App\Models\FilmModel::getDataBy
in SYSTEMPATH\Model.php on line 842.
 1 APPPATH\Controllers\Film.php(40): CodeIgniter\Model->__call('getDataBy', [...])
 2 SYSTEMPATH\CodeIgniter.php(934): App\Controllers\Film->film_by_genre()
 3 SYSTEMPATH\CodeIgniter.php(499): CodeIgniter\CodeIgniter->runController(Object(App\Controllers\Film))
 4 SYSTEMPATH\CodeIgniter.php(368): CodeIgniter\CodeIgniter->handleRequest(null, Object(Config\Cache), false)
 5 FCPATH\index.php(67): CodeIgniter\CodeIgniter->run()
 6 SYSTEMPATH\Commands\Server\rewrite.php(47): require_once('D:\\xampp\\htdocs\\MI4CApp\\public\\index.php')
CRITICAL - 2023-06-07 02:36:58 --> Too few arguments to function App\Models\FilmModel::getDataByID(), 0 passed in D:\xampp\htdocs\MI4CApp\app\Controllers\Film.php on line 35 and exactly 1 expected
in APPPATH\Models\FilmModel.php on line 51.
 1 APPPATH\Controllers\Film.php(35): App\Models\FilmModel->getDataByID()
 2 SYSTEMPATH\CodeIgniter.php(934): App\Controllers\Film->film_by_id()
 3 SYSTEMPATH\CodeIgniter.php(499): CodeIgniter\CodeIgniter->runController(Object(App\Controllers\Film))
 4 SYSTEMPATH\CodeIgniter.php(368): CodeIgniter\CodeIgniter->handleRequest(null, Object(Config\Cache), false)
 5 FCPATH\index.php(67): CodeIgniter\CodeIgniter->run()
 6 SYSTEMPATH\Commands\Server\rewrite.php(47): require_once('D:\\xampp\\htdocs\\MI4CApp\\public\\index.php')
CRITICAL - 2023-06-07 02:39:01 --> Too few arguments to function App\Models\FilmModel::getDataBy(), 0 passed in D:\xampp\htdocs\MI4CApp\app\Controllers\Film.php on line 45 and exactly 1 expected
in APPPATH\Models\FilmModel.php on line 56.
 1 APPPATH\Controllers\Film.php(45): App\Models\FilmModel->getDataBy()
 2 SYSTEMPATH\CodeIgniter.php(934): App\Controllers\Film->film_order()
 3 SYSTEMPATH\CodeIgniter.php(499): CodeIgniter\CodeIgniter->runController(Object(App\Controllers\Film))
 4 SYSTEMPATH\CodeIgniter.php(368): CodeIgniter\CodeIgniter->handleRequest(null, Object(Config\Cache), false)
 5 FCPATH\index.php(67): CodeIgniter\CodeIgniter->run()
 6 SYSTEMPATH\Commands\Server\rewrite.php(47): require_once('D:\\xampp\\htdocs\\MI4CApp\\public\\index.php')
