INFO - 2023-07-10 03:25:30 --> Session: Class initialized using 'CodeIgniter\Session\Handlers\FileHandler' driver.
INFO - 2023-07-10 03:25:33 --> Session: Class initialized using 'CodeIgniter\Session\Handlers\FileHandler' driver.
CRITICAL - 2023-07-10 03:25:40 --> openssl_decrypt(): IV passed is only 8 bytes long, cipher expects an IV of precisely 16 bytes, padding with \0
in APPPATH\Helpers\url_helper.php on line 19.
 1 [internal function]: CodeIgniter\Debug\Exceptions->errorHandler(2, 'openssl_decrypt(): IV passed is only 8 bytes long, cipher expects an IV of precisely 16 bytes, padding with \\0', 'D:\\GitHub\\PHP-FRAMEWORK-CI4\\MI4CApp\\app\\Helpers\\url_helper.php', 19)
 2 APPPATH\Helpers\url_helper.php(19): openssl_decrypt('', 'AES-256-CBC', 'MYs3cR3tK3y#2023', 0, 'k _û–¦&G')
 3 APPPATH\Controllers\Film.php(55): decryptUrl('a6Bf+5amJkc')
 4 SYSTEMPATH\CodeIgniter.php(934): App\Controllers\Film->destroy('a6Bf+5amJkc', 'VJMRjXIgHEQ5M29zV2RWanJlOVNPU3B3M2wwRnc9PQ==')
 5 SYSTEMPATH\CodeIgniter.php(499): CodeIgniter\CodeIgniter->runController(Object(App\Controllers\Film))
 6 SYSTEMPATH\CodeIgniter.php(368): CodeIgniter\CodeIgniter->handleRequest(null, Object(Config\Cache), false)
 7 FCPATH\index.php(67): CodeIgniter\CodeIgniter->run()
 8 SYSTEMPATH\Commands\Server\rewrite.php(47): require_once('D:\\GitHub\\PHP-FRAMEWORK-CI4\\MI4CApp\\public\\index.php')
INFO - 2023-07-10 03:25:52 --> Session: Class initialized using 'CodeIgniter\Session\Handlers\FileHandler' driver.
INFO - 2023-07-10 03:26:26 --> Session: Class initialized using 'CodeIgniter\Session\Handlers\FileHandler' driver.
INFO - 2023-07-10 03:26:26 --> Session: Class initialized using 'CodeIgniter\Session\Handlers\FileHandler' driver.
INFO - 2023-07-10 03:26:35 --> Session: Class initialized using 'CodeIgniter\Session\Handlers\FileHandler' driver.
INFO - 2023-07-10 03:26:35 --> Session: Class initialized using 'CodeIgniter\Session\Handlers\FileHandler' driver.
INFO - 2023-07-10 03:26:42 --> Session: Class initialized using 'CodeIgniter\Session\Handlers\FileHandler' driver.
INFO - 2023-07-10 03:26:42 --> Session: Class initialized using 'CodeIgniter\Session\Handlers\FileHandler' driver.
INFO - 2023-07-10 03:27:16 --> Session: Class initialized using 'CodeIgniter\Session\Handlers\FileHandler' driver.
INFO - 2023-07-10 03:27:16 --> Session: Class initialized using 'CodeIgniter\Session\Handlers\FileHandler' driver.
INFO - 2023-07-10 03:27:43 --> Session: Class initialized using 'CodeIgniter\Session\Handlers\FileHandler' driver.
INFO - 2023-07-10 03:27:43 --> Session: Class initialized using 'CodeIgniter\Session\Handlers\FileHandler' driver.
INFO - 2023-07-10 03:27:54 --> Session: Class initialized using 'CodeIgniter\Session\Handlers\FileHandler' driver.
INFO - 2023-07-10 03:27:54 --> Session: Class initialized using 'CodeIgniter\Session\Handlers\FileHandler' driver.
INFO - 2023-07-10 03:28:36 --> Session: Class initialized using 'CodeIgniter\Session\Handlers\FileHandler' driver.
INFO - 2023-07-10 03:28:40 --> Session: Class initialized using 'CodeIgniter\Session\Handlers\FileHandler' driver.
INFO - 2023-07-10 03:28:40 --> Session: Class initialized using 'CodeIgniter\Session\Handlers\FileHandler' driver.
INFO - 2023-07-10 05:37:22 --> Session: Class initialized using 'CodeIgniter\Session\Handlers\FileHandler' driver.
INFO - 2023-07-10 05:37:26 --> Session: Class initialized using 'CodeIgniter\Session\Handlers\FileHandler' driver.
CRITICAL - 2023-07-10 05:37:28 --> openssl_decrypt(): IV passed is only 8 bytes long, cipher expects an IV of precisely 16 bytes, padding with \0
in APPPATH\Helpers\url_helper.php on line 19.
 1 [internal function]: CodeIgniter\Debug\Exceptions->errorHandler(2, 'openssl_decrypt(): IV passed is only 8 bytes long, cipher expects an IV of precisely 16 bytes, padding with \\0', 'D:\\GitHub\\PHP-FRAMEWORK-CI4\\MI4CApp\\app\\Helpers\\url_helper.php', 19)
 2 APPPATH\Helpers\url_helper.php(19): openssl_decrypt('', 'AES-256-CBC', 'MYs3cR3tK3y#2023', 0, 'ž_·N' . "\0" . 'ùW')
 3 APPPATH\Controllers\Film.php(46): decryptUrl('nl+3TgAO+Vd')
 4 SYSTEMPATH\CodeIgniter.php(934): App\Controllers\Film->update('nl+3TgAO+Vd', 'QYtmEOXYrXgvL2pTTm9ybS9uTEF0ZGlaVGxGWnc9PQ==')
 5 SYSTEMPATH\CodeIgniter.php(499): CodeIgniter\CodeIgniter->runController(Object(App\Controllers\Film))
 6 SYSTEMPATH\CodeIgniter.php(368): CodeIgniter\CodeIgniter->handleRequest(null, Object(Config\Cache), false)
 7 FCPATH\index.php(67): CodeIgniter\CodeIgniter->run()
 8 SYSTEMPATH\Commands\Server\rewrite.php(47): require_once('D:\\GitHub\\PHP-FRAMEWORK-CI4\\MI4CApp\\public\\index.php')
CRITICAL - 2023-07-10 05:38:28 --> openssl_decrypt(): IV passed is only 8 bytes long, cipher expects an IV of precisely 16 bytes, padding with \0
in APPPATH\Helpers\url_helper.php on line 19.
 1 [internal function]: CodeIgniter\Debug\Exceptions->errorHandler(2, 'openssl_decrypt(): IV passed is only 8 bytes long, cipher expects an IV of precisely 16 bytes, padding with \\0', 'D:\\GitHub\\PHP-FRAMEWORK-CI4\\MI4CApp\\app\\Helpers\\url_helper.php', 19)
 2 APPPATH\Helpers\url_helper.php(19): openssl_decrypt('', 'AES-256-CBC', 'MYs3cR3tK3y#2023', 0, 'ž_·N' . "\0" . 'ùW')
 3 APPPATH\Controllers\Film.php(46): decryptUrl('nl+3TgAO+Vd')
 4 SYSTEMPATH\CodeIgniter.php(934): App\Controllers\Film->update('nl+3TgAO+Vd', 'QYtmEOXYrXgvL2pTTm9ybS9uTEF0ZGlaVGxGWnc9PQ==')
 5 SYSTEMPATH\CodeIgniter.php(499): CodeIgniter\CodeIgniter->runController(Object(App\Controllers\Film))
 6 SYSTEMPATH\CodeIgniter.php(368): CodeIgniter\CodeIgniter->handleRequest(null, Object(Config\Cache), false)
 7 FCPATH\index.php(67): CodeIgniter\CodeIgniter->run()
 8 SYSTEMPATH\Commands\Server\rewrite.php(47): require_once('D:\\GitHub\\PHP-FRAMEWORK-CI4\\MI4CApp\\public\\index.php')
INFO - 2023-07-10 05:38:29 --> Session: Class initialized using 'CodeIgniter\Session\Handlers\FileHandler' driver.
INFO - 2023-07-10 05:38:41 --> Session: Class initialized using 'CodeIgniter\Session\Handlers\FileHandler' driver.
CRITICAL - 2023-07-10 05:38:43 --> Too few arguments to function App\Controllers\Film::update(), 0 passed in D:\GitHub\PHP-FRAMEWORK-CI4\MI4CApp\system\CodeIgniter.php on line 934 and exactly 1 expected
in APPPATH\Controllers\Film.php on line 44.
 1 SYSTEMPATH\CodeIgniter.php(934): App\Controllers\Film->update()
 2 SYSTEMPATH\CodeIgniter.php(499): CodeIgniter\CodeIgniter->runController(Object(App\Controllers\Film))
 3 SYSTEMPATH\CodeIgniter.php(368): CodeIgniter\CodeIgniter->handleRequest(null, Object(Config\Cache), false)
 4 FCPATH\index.php(67): CodeIgniter\CodeIgniter->run()
 5 SYSTEMPATH\Commands\Server\rewrite.php(47): require_once('D:\\GitHub\\PHP-FRAMEWORK-CI4\\MI4CApp\\public\\index.php')
INFO - 2023-07-10 05:47:48 --> Session: Class initialized using 'CodeIgniter\Session\Handlers\FileHandler' driver.
INFO - 2023-07-10 05:47:52 --> Session: Class initialized using 'CodeIgniter\Session\Handlers\FileHandler' driver.
INFO - 2023-07-10 05:47:55 --> Session: Class initialized using 'CodeIgniter\Session\Handlers\FileHandler' driver.
CRITICAL - 2023-07-10 05:47:55 --> openssl_decrypt(): IV passed is only 4 bytes long, cipher expects an IV of precisely 16 bytes, padding with \0
in APPPATH\Helpers\url_helper.php on line 19.
 1 [internal function]: CodeIgniter\Debug\Exceptions->errorHandler(2, 'openssl_decrypt(): IV passed is only 4 bytes long, cipher expects an IV of precisely 16 bytes, padding with \\0', 'D:\\GitHub\\PHP-FRAMEWORK-CI4\\MI4CApp\\app\\Helpers\\url_helper.php', 19)
 2 APPPATH\Helpers\url_helper.php(19): openssl_decrypt('', 'AES-256-CBC', 'MYs3cR3tK3y#2023', 0, 'jË¶')
 3 APPPATH\Controllers\Film.php(46): decryptUrl('assets')
 4 SYSTEMPATH\CodeIgniter.php(934): App\Controllers\Film->update('assets', 'js', 'bootstrap.min.js')
 5 SYSTEMPATH\CodeIgniter.php(499): CodeIgniter\CodeIgniter->runController(Object(App\Controllers\Film))
 6 SYSTEMPATH\CodeIgniter.php(368): CodeIgniter\CodeIgniter->handleRequest(null, Object(Config\Cache), false)
 7 FCPATH\index.php(67): CodeIgniter\CodeIgniter->run()
 8 SYSTEMPATH\Commands\Server\rewrite.php(47): require_once('D:\\GitHub\\PHP-FRAMEWORK-CI4\\MI4CApp\\public\\index.php')
CRITICAL - 2023-07-10 05:47:55 --> Uncaught CodeIgniter\Format\Exceptions\FormatException: Failed to parse JSON string. Error: Malformed UTF-8 characters, possibly incorrectly encoded in D:\GitHub\PHP-FRAMEWORK-CI4\MI4CApp\system\Format\JSONFormatter.php:41
Stack trace:
#0 D:\GitHub\PHP-FRAMEWORK-CI4\MI4CApp\system\Format\JSONFormatter.php(41): CodeIgniter\Format\Exceptions\FormatException::forInvalidJSON('Malformed UTF-8...')
#1 D:\GitHub\PHP-FRAMEWORK-CI4\MI4CApp\system\API\ResponseTrait.php(345): CodeIgniter\Format\JSONFormatter->format(Array)
#2 D:\GitHub\PHP-FRAMEWORK-CI4\MI4CApp\system\API\ResponseTrait.php(98): CodeIgniter\Debug\Exceptions->format(Array)
#3 D:\GitHub\PHP-FRAMEWORK-CI4\MI4CApp\system\Debug\Exceptions.php(150): CodeIgniter\Debug\Exceptions->respond(Array, 500)
#4 [internal function]: CodeIgniter\Debug\Exceptions->exceptionHandler(Object(ErrorException))
#5 {main}
  thrown
ã€Previous Exceptionã€‘
ErrorException
openssl_decrypt(): IV passed is only 4 bytes long, cipher expects an IV of precisely 16 bytes, padding with \0
#0 [internal function]: CodeIgniter\Debug\Exceptions->errorHandler(2, 'openssl_decrypt...', 'D:\\GitHub\\PHP-F...', 19)
#1 D:\GitHub\PHP-FRAMEWORK-CI4\MI4CApp\app\Helpers\url_helper.php(19): openssl_decrypt('', 'AES-256-CBC', 'MYs3cR3tK3y#202...', 0, 'j\xCB\x1E\xB6')
#2 D:\GitHub\PHP-FRAMEWORK-CI4\MI4CApp\app\Controllers\Film.php(46): decryptUrl('assets')
#3 D:\GitHub\PHP-FRAMEWORK-CI4\MI4CApp\system\CodeIgniter.php(934): App\Controllers\Film->update('assets', 'js', 'bootstrap.min.j...')
#4 D:\GitHub\PHP-FRAMEWORK-CI4\MI4CApp\system\CodeIgniter.php(499): CodeIgniter\CodeIgniter->runController(Object(App\Controllers\Film))
#5 D:\GitHub\PHP-FRAMEWORK-CI4\MI4CApp\system\CodeIgniter.php(368): CodeIgniter\CodeIgniter->handleRequest(NULL, Object(Config\Cache), false)
#6 D:\GitHub\PHP-FRAMEWORK-CI4\MI4CApp\public\index.php(67): CodeIgniter\CodeIgniter->run()
#7 D:\GitHub\PHP-FRAMEWORK-CI4\MI4CApp\system\Commands\Server\rewrite.php(47): require_once('D:\\GitHub\\PHP-F...')
#8 {main}
in SYSTEMPATH\Format\JSONFormatter.php on line 41.
 1 [internal function]: CodeIgniter\Debug\Exceptions->shutdownHandler()
INFO - 2023-07-10 05:48:03 --> Session: Class initialized using 'CodeIgniter\Session\Handlers\FileHandler' driver.
INFO - 2023-07-10 05:48:05 --> Session: Class initialized using 'CodeIgniter\Session\Handlers\FileHandler' driver.
CRITICAL - 2023-07-10 05:48:05 --> openssl_decrypt(): IV passed is only 4 bytes long, cipher expects an IV of precisely 16 bytes, padding with \0
in APPPATH\Helpers\url_helper.php on line 19.
 1 [internal function]: CodeIgniter\Debug\Exceptions->errorHandler(2, 'openssl_decrypt(): IV passed is only 4 bytes long, cipher expects an IV of precisely 16 bytes, padding with \\0', 'D:\\GitHub\\PHP-FRAMEWORK-CI4\\MI4CApp\\app\\Helpers\\url_helper.php', 19)
 2 APPPATH\Helpers\url_helper.php(19): openssl_decrypt('', 'AES-256-CBC', 'MYs3cR3tK3y#2023', 0, 'jË¶')
 3 APPPATH\Controllers\Film.php(46): decryptUrl('assets')
 4 SYSTEMPATH\CodeIgniter.php(934): App\Controllers\Film->update('assets', 'js', 'bootstrap.min.js')
 5 SYSTEMPATH\CodeIgniter.php(499): CodeIgniter\CodeIgniter->runController(Object(App\Controllers\Film))
 6 SYSTEMPATH\CodeIgniter.php(368): CodeIgniter\CodeIgniter->handleRequest(null, Object(Config\Cache), false)
 7 FCPATH\index.php(67): CodeIgniter\CodeIgniter->run()
 8 SYSTEMPATH\Commands\Server\rewrite.php(47): require_once('D:\\GitHub\\PHP-FRAMEWORK-CI4\\MI4CApp\\public\\index.php')
CRITICAL - 2023-07-10 05:48:05 --> Uncaught CodeIgniter\Format\Exceptions\FormatException: Failed to parse JSON string. Error: Malformed UTF-8 characters, possibly incorrectly encoded in D:\GitHub\PHP-FRAMEWORK-CI4\MI4CApp\system\Format\JSONFormatter.php:41
Stack trace:
#0 D:\GitHub\PHP-FRAMEWORK-CI4\MI4CApp\system\Format\JSONFormatter.php(41): CodeIgniter\Format\Exceptions\FormatException::forInvalidJSON('Malformed UTF-8...')
#1 D:\GitHub\PHP-FRAMEWORK-CI4\MI4CApp\system\API\ResponseTrait.php(345): CodeIgniter\Format\JSONFormatter->format(Array)
#2 D:\GitHub\PHP-FRAMEWORK-CI4\MI4CApp\system\API\ResponseTrait.php(98): CodeIgniter\Debug\Exceptions->format(Array)
#3 D:\GitHub\PHP-FRAMEWORK-CI4\MI4CApp\system\Debug\Exceptions.php(150): CodeIgniter\Debug\Exceptions->respond(Array, 500)
#4 [internal function]: CodeIgniter\Debug\Exceptions->exceptionHandler(Object(ErrorException))
#5 {main}
  thrown
ã€Previous Exceptionã€‘
ErrorException
openssl_decrypt(): IV passed is only 4 bytes long, cipher expects an IV of precisely 16 bytes, padding with \0
#0 [internal function]: CodeIgniter\Debug\Exceptions->errorHandler(2, 'openssl_decrypt...', 'D:\\GitHub\\PHP-F...', 19)
#1 D:\GitHub\PHP-FRAMEWORK-CI4\MI4CApp\app\Helpers\url_helper.php(19): openssl_decrypt('', 'AES-256-CBC', 'MYs3cR3tK3y#202...', 0, 'j\xCB\x1E\xB6')
#2 D:\GitHub\PHP-FRAMEWORK-CI4\MI4CApp\app\Controllers\Film.php(46): decryptUrl('assets')
#3 D:\GitHub\PHP-FRAMEWORK-CI4\MI4CApp\system\CodeIgniter.php(934): App\Controllers\Film->update('assets', 'js', 'bootstrap.min.j...')
#4 D:\GitHub\PHP-FRAMEWORK-CI4\MI4CApp\system\CodeIgniter.php(499): CodeIgniter\CodeIgniter->runController(Object(App\Controllers\Film))
#5 D:\GitHub\PHP-FRAMEWORK-CI4\MI4CApp\system\CodeIgniter.php(368): CodeIgniter\CodeIgniter->handleRequest(NULL, Object(Config\Cache), false)
#6 D:\GitHub\PHP-FRAMEWORK-CI4\MI4CApp\public\index.php(67): CodeIgniter\CodeIgniter->run()
#7 D:\GitHub\PHP-FRAMEWORK-CI4\MI4CApp\system\Commands\Server\rewrite.php(47): require_once('D:\\GitHub\\PHP-F...')
#8 {main}
in SYSTEMPATH\Format\JSONFormatter.php on line 41.
 1 [internal function]: CodeIgniter\Debug\Exceptions->shutdownHandler()
INFO - 2023-07-10 05:48:09 --> Session: Class initialized using 'CodeIgniter\Session\Handlers\FileHandler' driver.
INFO - 2023-07-10 05:48:19 --> Session: Class initialized using 'CodeIgniter\Session\Handlers\FileHandler' driver.
INFO - 2023-07-10 05:48:21 --> Session: Class initialized using 'CodeIgniter\Session\Handlers\FileHandler' driver.
INFO - 2023-07-10 05:48:23 --> Session: Class initialized using 'CodeIgniter\Session\Handlers\FileHandler' driver.
INFO - 2023-07-10 05:49:24 --> Session: Class initialized using 'CodeIgniter\Session\Handlers\FileHandler' driver.
CRITICAL - 2023-07-10 05:49:25 --> openssl_decrypt(): IV passed is only 4 bytes long, cipher expects an IV of precisely 16 bytes, padding with \0
in APPPATH\Helpers\url_helper.php on line 19.
 1 [internal function]: CodeIgniter\Debug\Exceptions->errorHandler(2, 'openssl_decrypt(): IV passed is only 4 bytes long, cipher expects an IV of precisely 16 bytes, padding with \\0', 'D:\\GitHub\\PHP-FRAMEWORK-CI4\\MI4CApp\\app\\Helpers\\url_helper.php', 19)
 2 APPPATH\Helpers\url_helper.php(19): openssl_decrypt('', 'AES-256-CBC', 'MYs3cR3tK3y#2023', 0, 'jË¶')
 3 APPPATH\Controllers\Film.php(46): decryptUrl('assets')
 4 SYSTEMPATH\CodeIgniter.php(934): App\Controllers\Film->update('assets', 'js', 'bootstrap.min.js')
 5 SYSTEMPATH\CodeIgniter.php(499): CodeIgniter\CodeIgniter->runController(Object(App\Controllers\Film))
 6 SYSTEMPATH\CodeIgniter.php(368): CodeIgniter\CodeIgniter->handleRequest(null, Object(Config\Cache), false)
 7 FCPATH\index.php(67): CodeIgniter\CodeIgniter->run()
 8 SYSTEMPATH\Commands\Server\rewrite.php(47): require_once('D:\\GitHub\\PHP-FRAMEWORK-CI4\\MI4CApp\\public\\index.php')
CRITICAL - 2023-07-10 05:49:25 --> Uncaught CodeIgniter\Format\Exceptions\FormatException: Failed to parse JSON string. Error: Malformed UTF-8 characters, possibly incorrectly encoded in D:\GitHub\PHP-FRAMEWORK-CI4\MI4CApp\system\Format\JSONFormatter.php:41
Stack trace:
#0 D:\GitHub\PHP-FRAMEWORK-CI4\MI4CApp\system\Format\JSONFormatter.php(41): CodeIgniter\Format\Exceptions\FormatException::forInvalidJSON('Malformed UTF-8...')
#1 D:\GitHub\PHP-FRAMEWORK-CI4\MI4CApp\system\API\ResponseTrait.php(345): CodeIgniter\Format\JSONFormatter->format(Array)
#2 D:\GitHub\PHP-FRAMEWORK-CI4\MI4CApp\system\API\ResponseTrait.php(98): CodeIgniter\Debug\Exceptions->format(Array)
#3 D:\GitHub\PHP-FRAMEWORK-CI4\MI4CApp\system\Debug\Exceptions.php(150): CodeIgniter\Debug\Exceptions->respond(Array, 500)
#4 [internal function]: CodeIgniter\Debug\Exceptions->exceptionHandler(Object(ErrorException))
#5 {main}
  thrown
ã€Previous Exceptionã€‘
ErrorException
openssl_decrypt(): IV passed is only 4 bytes long, cipher expects an IV of precisely 16 bytes, padding with \0
#0 [internal function]: CodeIgniter\Debug\Exceptions->errorHandler(2, 'openssl_decrypt...', 'D:\\GitHub\\PHP-F...', 19)
#1 D:\GitHub\PHP-FRAMEWORK-CI4\MI4CApp\app\Helpers\url_helper.php(19): openssl_decrypt('', 'AES-256-CBC', 'MYs3cR3tK3y#202...', 0, 'j\xCB\x1E\xB6')
#2 D:\GitHub\PHP-FRAMEWORK-CI4\MI4CApp\app\Controllers\Film.php(46): decryptUrl('assets')
#3 D:\GitHub\PHP-FRAMEWORK-CI4\MI4CApp\system\CodeIgniter.php(934): App\Controllers\Film->update('assets', 'js', 'bootstrap.min.j...')
#4 D:\GitHub\PHP-FRAMEWORK-CI4\MI4CApp\system\CodeIgniter.php(499): CodeIgniter\CodeIgniter->runController(Object(App\Controllers\Film))
#5 D:\GitHub\PHP-FRAMEWORK-CI4\MI4CApp\system\CodeIgniter.php(368): CodeIgniter\CodeIgniter->handleRequest(NULL, Object(Config\Cache), false)
#6 D:\GitHub\PHP-FRAMEWORK-CI4\MI4CApp\public\index.php(67): CodeIgniter\CodeIgniter->run()
#7 D:\GitHub\PHP-FRAMEWORK-CI4\MI4CApp\system\Commands\Server\rewrite.php(47): require_once('D:\\GitHub\\PHP-F...')
#8 {main}
in SYSTEMPATH\Format\JSONFormatter.php on line 41.
 1 [internal function]: CodeIgniter\Debug\Exceptions->shutdownHandler()
INFO - 2023-07-10 05:49:30 --> Session: Class initialized using 'CodeIgniter\Session\Handlers\FileHandler' driver.
INFO - 2023-07-10 05:49:30 --> Session: Class initialized using 'CodeIgniter\Session\Handlers\FileHandler' driver.
CRITICAL - 2023-07-10 05:49:30 --> openssl_decrypt(): IV passed is only 4 bytes long, cipher expects an IV of precisely 16 bytes, padding with \0
in APPPATH\Helpers\url_helper.php on line 19.
 1 [internal function]: CodeIgniter\Debug\Exceptions->errorHandler(2, 'openssl_decrypt(): IV passed is only 4 bytes long, cipher expects an IV of precisely 16 bytes, padding with \\0', 'D:\\GitHub\\PHP-FRAMEWORK-CI4\\MI4CApp\\app\\Helpers\\url_helper.php', 19)
 2 APPPATH\Helpers\url_helper.php(19): openssl_decrypt('', 'AES-256-CBC', 'MYs3cR3tK3y#2023', 0, 'jË¶')
 3 APPPATH\Controllers\Film.php(46): decryptUrl('assets')
 4 SYSTEMPATH\CodeIgniter.php(934): App\Controllers\Film->update('assets', 'js', 'bootstrap.min.js')
 5 SYSTEMPATH\CodeIgniter.php(499): CodeIgniter\CodeIgniter->runController(Object(App\Controllers\Film))
 6 SYSTEMPATH\CodeIgniter.php(368): CodeIgniter\CodeIgniter->handleRequest(null, Object(Config\Cache), false)
 7 FCPATH\index.php(67): CodeIgniter\CodeIgniter->run()
 8 SYSTEMPATH\Commands\Server\rewrite.php(47): require_once('D:\\GitHub\\PHP-FRAMEWORK-CI4\\MI4CApp\\public\\index.php')
CRITICAL - 2023-07-10 05:49:30 --> Uncaught CodeIgniter\Format\Exceptions\FormatException: Failed to parse JSON string. Error: Malformed UTF-8 characters, possibly incorrectly encoded in D:\GitHub\PHP-FRAMEWORK-CI4\MI4CApp\system\Format\JSONFormatter.php:41
Stack trace:
#0 D:\GitHub\PHP-FRAMEWORK-CI4\MI4CApp\system\Format\JSONFormatter.php(41): CodeIgniter\Format\Exceptions\FormatException::forInvalidJSON('Malformed UTF-8...')
#1 D:\GitHub\PHP-FRAMEWORK-CI4\MI4CApp\system\API\ResponseTrait.php(345): CodeIgniter\Format\JSONFormatter->format(Array)
#2 D:\GitHub\PHP-FRAMEWORK-CI4\MI4CApp\system\API\ResponseTrait.php(98): CodeIgniter\Debug\Exceptions->format(Array)
#3 D:\GitHub\PHP-FRAMEWORK-CI4\MI4CApp\system\Debug\Exceptions.php(150): CodeIgniter\Debug\Exceptions->respond(Array, 500)
#4 [internal function]: CodeIgniter\Debug\Exceptions->exceptionHandler(Object(ErrorException))
#5 {main}
  thrown
ã€Previous Exceptionã€‘
ErrorException
openssl_decrypt(): IV passed is only 4 bytes long, cipher expects an IV of precisely 16 bytes, padding with \0
#0 [internal function]: CodeIgniter\Debug\Exceptions->errorHandler(2, 'openssl_decrypt...', 'D:\\GitHub\\PHP-F...', 19)
#1 D:\GitHub\PHP-FRAMEWORK-CI4\MI4CApp\app\Helpers\url_helper.php(19): openssl_decrypt('', 'AES-256-CBC', 'MYs3cR3tK3y#202...', 0, 'j\xCB\x1E\xB6')
#2 D:\GitHub\PHP-FRAMEWORK-CI4\MI4CApp\app\Controllers\Film.php(46): decryptUrl('assets')
#3 D:\GitHub\PHP-FRAMEWORK-CI4\MI4CApp\system\CodeIgniter.php(934): App\Controllers\Film->update('assets', 'js', 'bootstrap.min.j...')
#4 D:\GitHub\PHP-FRAMEWORK-CI4\MI4CApp\system\CodeIgniter.php(499): CodeIgniter\CodeIgniter->runController(Object(App\Controllers\Film))
#5 D:\GitHub\PHP-FRAMEWORK-CI4\MI4CApp\system\CodeIgniter.php(368): CodeIgniter\CodeIgniter->handleRequest(NULL, Object(Config\Cache), false)
#6 D:\GitHub\PHP-FRAMEWORK-CI4\MI4CApp\public\index.php(67): CodeIgniter\CodeIgniter->run()
#7 D:\GitHub\PHP-FRAMEWORK-CI4\MI4CApp\system\Commands\Server\rewrite.php(47): require_once('D:\\GitHub\\PHP-F...')
#8 {main}
in SYSTEMPATH\Format\JSONFormatter.php on line 41.
 1 [internal function]: CodeIgniter\Debug\Exceptions->shutdownHandler()
INFO - 2023-07-10 05:49:35 --> Session: Class initialized using 'CodeIgniter\Session\Handlers\FileHandler' driver.
INFO - 2023-07-10 05:49:35 --> Session: Class initialized using 'CodeIgniter\Session\Handlers\FileHandler' driver.
INFO - 2023-07-10 05:49:39 --> Session: Class initialized using 'CodeIgniter\Session\Handlers\FileHandler' driver.
CRITICAL - 2023-07-10 05:49:39 --> openssl_decrypt(): IV passed is only 4 bytes long, cipher expects an IV of precisely 16 bytes, padding with \0
in APPPATH\Helpers\url_helper.php on line 19.
 1 [internal function]: CodeIgniter\Debug\Exceptions->errorHandler(2, 'openssl_decrypt(): IV passed is only 4 bytes long, cipher expects an IV of precisely 16 bytes, padding with \\0', 'D:\\GitHub\\PHP-FRAMEWORK-CI4\\MI4CApp\\app\\Helpers\\url_helper.php', 19)
 2 APPPATH\Helpers\url_helper.php(19): openssl_decrypt('', 'AES-256-CBC', 'MYs3cR3tK3y#2023', 0, 'jË¶')
 3 APPPATH\Controllers\Film.php(46): decryptUrl('assets')
 4 SYSTEMPATH\CodeIgniter.php(934): App\Controllers\Film->update('assets', 'js', 'bootstrap.min.js')
 5 SYSTEMPATH\CodeIgniter.php(499): CodeIgniter\CodeIgniter->runController(Object(App\Controllers\Film))
 6 SYSTEMPATH\CodeIgniter.php(368): CodeIgniter\CodeIgniter->handleRequest(null, Object(Config\Cache), false)
 7 FCPATH\index.php(67): CodeIgniter\CodeIgniter->run()
 8 SYSTEMPATH\Commands\Server\rewrite.php(47): require_once('D:\\GitHub\\PHP-FRAMEWORK-CI4\\MI4CApp\\public\\index.php')
CRITICAL - 2023-07-10 05:49:39 --> Uncaught CodeIgniter\Format\Exceptions\FormatException: Failed to parse JSON string. Error: Malformed UTF-8 characters, possibly incorrectly encoded in D:\GitHub\PHP-FRAMEWORK-CI4\MI4CApp\system\Format\JSONFormatter.php:41
Stack trace:
#0 D:\GitHub\PHP-FRAMEWORK-CI4\MI4CApp\system\Format\JSONFormatter.php(41): CodeIgniter\Format\Exceptions\FormatException::forInvalidJSON('Malformed UTF-8...')
#1 D:\GitHub\PHP-FRAMEWORK-CI4\MI4CApp\system\API\ResponseTrait.php(345): CodeIgniter\Format\JSONFormatter->format(Array)
#2 D:\GitHub\PHP-FRAMEWORK-CI4\MI4CApp\system\API\ResponseTrait.php(98): CodeIgniter\Debug\Exceptions->format(Array)
#3 D:\GitHub\PHP-FRAMEWORK-CI4\MI4CApp\system\Debug\Exceptions.php(150): CodeIgniter\Debug\Exceptions->respond(Array, 500)
#4 [internal function]: CodeIgniter\Debug\Exceptions->exceptionHandler(Object(ErrorException))
#5 {main}
  thrown
ã€Previous Exceptionã€‘
ErrorException
openssl_decrypt(): IV passed is only 4 bytes long, cipher expects an IV of precisely 16 bytes, padding with \0
#0 [internal function]: CodeIgniter\Debug\Exceptions->errorHandler(2, 'openssl_decrypt...', 'D:\\GitHub\\PHP-F...', 19)
#1 D:\GitHub\PHP-FRAMEWORK-CI4\MI4CApp\app\Helpers\url_helper.php(19): openssl_decrypt('', 'AES-256-CBC', 'MYs3cR3tK3y#202...', 0, 'j\xCB\x1E\xB6')
#2 D:\GitHub\PHP-FRAMEWORK-CI4\MI4CApp\app\Controllers\Film.php(46): decryptUrl('assets')
#3 D:\GitHub\PHP-FRAMEWORK-CI4\MI4CApp\system\CodeIgniter.php(934): App\Controllers\Film->update('assets', 'js', 'bootstrap.min.j...')
#4 D:\GitHub\PHP-FRAMEWORK-CI4\MI4CApp\system\CodeIgniter.php(499): CodeIgniter\CodeIgniter->runController(Object(App\Controllers\Film))
#5 D:\GitHub\PHP-FRAMEWORK-CI4\MI4CApp\system\CodeIgniter.php(368): CodeIgniter\CodeIgniter->handleRequest(NULL, Object(Config\Cache), false)
#6 D:\GitHub\PHP-FRAMEWORK-CI4\MI4CApp\public\index.php(67): CodeIgniter\CodeIgniter->run()
#7 D:\GitHub\PHP-FRAMEWORK-CI4\MI4CApp\system\Commands\Server\rewrite.php(47): require_once('D:\\GitHub\\PHP-F...')
#8 {main}
in SYSTEMPATH\Format\JSONFormatter.php on line 41.
 1 [internal function]: CodeIgniter\Debug\Exceptions->shutdownHandler()
INFO - 2023-07-10 05:49:46 --> Session: Class initialized using 'CodeIgniter\Session\Handlers\FileHandler' driver.
INFO - 2023-07-10 05:49:46 --> Session: Class initialized using 'CodeIgniter\Session\Handlers\FileHandler' driver.
